[2026-06-05T12:46:43.944+0000] {local_task_job_runner.py:123} INFO - ::group::Pre task execution logs
[2026-06-05T12:46:43.970+0000] {taskinstance.py:2613} INFO - Dependencies all met for dep_context=non-requeueable deps ti=<TaskInstance: lab4_starter.wait_for_vendor_csv manual__2026-06-01T00:00:00+00:00 [queued]>
[2026-06-05T12:46:43.979+0000] {taskinstance.py:2613} INFO - Dependencies all met for dep_context=requeueable deps ti=<TaskInstance: lab4_starter.wait_for_vendor_csv manual__2026-06-01T00:00:00+00:00 [queued]>
[2026-06-05T12:46:43.979+0000] {taskinstance.py:2866} INFO - Starting attempt 1 of 2
[2026-06-05T12:46:43.999+0000] {taskinstance.py:2889} INFO - Executing <Task(FileSensor): wait_for_vendor_csv> on 2026-06-01 00:00:00+00:00
[2026-06-05T12:46:44.007+0000] {standard_task_runner.py:72} INFO - Started process 529 to run task
[2026-06-05T12:46:44.009+0000] {standard_task_runner.py:104} INFO - Running: ['***', 'tasks', 'run', 'lab4_starter', 'wait_for_vendor_csv', 'manual__2026-06-01T00:00:00+00:00', '--job-id', '6', '--raw', '--subdir', 'DAGS_FOLDER/starter_pipeline.py', '--cfg-path', '/tmp/tmpvr6aq162']
[2026-06-05T12:46:44.010+0000] {standard_task_runner.py:105} INFO - Job 6: Subtask wait_for_vendor_csv
[2026-06-05T12:46:44.060+0000] {task_command.py:467} INFO - Running <TaskInstance: lab4_starter.wait_for_vendor_csv manual__2026-06-01T00:00:00+00:00 [running]> on host bb04fef1c565
[2026-06-05T12:46:44.149+0000] {taskinstance.py:3132} INFO - Exporting env vars: AIRFLOW_CTX_DAG_OWNER='lab4' AIRFLOW_CTX_DAG_ID='lab4_starter' AIRFLOW_CTX_TASK_ID='wait_for_vendor_csv' AIRFLOW_CTX_EXECUTION_DATE='2026-06-01T00:00:00+00:00' AIRFLOW_CTX_TRY_NUMBER='1' AIRFLOW_CTX_DAG_RUN_ID='manual__2026-06-01T00:00:00+00:00'
[2026-06-05T12:46:44.150+0000] {taskinstance.py:731} INFO - ::endgroup::
[2026-06-05T12:46:44.152+0000] {baseoperator.py:421} WARNING - FileSensor.execute cannot be called outside TaskInstance!
[2026-06-05T12:46:44.166+0000] {crypto.py:82} WARNING - empty cryptography key - values will not be stored encrypted.
[2026-06-05T12:46:44.167+0000] {base.py:84} INFO - Retrieving connection 'fs_default'
[2026-06-05T12:46:44.168+0000] {filesystem.py:109} INFO - Poking for file /opt/***/data/incoming/transactions_2026-06-01.csv
[2026-06-05T12:46:44.168+0000] {filesystem.py:113} INFO - Found File /opt/***/data/incoming/transactions_2026-06-01.csv last modified: 20260605124635
[2026-06-05T12:46:44.168+0000] {base.py:336} INFO - Success criteria met. Exiting.
[2026-06-05T12:46:44.168+0000] {filesystem.py:109} INFO - Poking for file /opt/***/data/incoming/transactions_2026-06-01.csv
[2026-06-05T12:46:44.168+0000] {filesystem.py:113} INFO - Found File /opt/***/data/incoming/transactions_2026-06-01.csv last modified: 20260605124635
[2026-06-05T12:46:44.182+0000] {taskinstance.py:340} INFO - ::group::Post task execution logs
[2026-06-05T12:46:44.182+0000] {taskinstance.py:352} INFO - Marking task as SUCCESS. dag_id=lab4_starter, task_id=wait_for_vendor_csv, run_id=manual__2026-06-01T00:00:00+00:00, execution_date=20260601T000000, start_date=20260605T124643, end_date=20260605T124644
[2026-06-05T12:46:44.222+0000] {local_task_job_runner.py:266} INFO - Task exited with return code 0
[2026-06-05T12:46:44.268+0000] {taskinstance.py:3895} INFO - 1 downstream tasks scheduled from follow-on schedule check
[2026-06-05T12:46:44.270+0000] {local_task_job_runner.py:245} INFO - ::endgroup::
[2026-06-05T12:55:39.911+0000] {local_task_job_runner.py:123} INFO - ::group::Pre task execution logs
[2026-06-05T12:55:39.935+0000] {taskinstance.py:2613} INFO - Dependencies all met for dep_context=non-requeueable deps ti=<TaskInstance: lab4_starter.wait_for_vendor_csv manual__2026-06-01T00:00:00+00:00 [queued]>
[2026-06-05T12:55:39.944+0000] {taskinstance.py:2613} INFO - Dependencies all met for dep_context=requeueable deps ti=<TaskInstance: lab4_starter.wait_for_vendor_csv manual__2026-06-01T00:00:00+00:00 [queued]>
[2026-06-05T12:55:39.945+0000] {taskinstance.py:2866} INFO - Starting attempt 1 of 2
[2026-06-05T12:55:39.960+0000] {taskinstance.py:2889} INFO - Executing <Task(FileSensor): wait_for_vendor_csv> on 2026-06-01 00:00:00+00:00
[2026-06-05T12:55:39.967+0000] {standard_task_runner.py:72} INFO - Started process 236 to run task
[2026-06-05T12:55:39.972+0000] {standard_task_runner.py:104} INFO - Running: ['***', 'tasks', 'run', 'lab4_starter', 'wait_for_vendor_csv', 'manual__2026-06-01T00:00:00+00:00', '--job-id', '16', '--raw', '--subdir', 'DAGS_FOLDER/starter_pipeline.py', '--cfg-path', '/tmp/tmp01r3x_a4']
[2026-06-05T12:55:39.974+0000] {standard_task_runner.py:105} INFO - Job 16: Subtask wait_for_vendor_csv
[2026-06-05T12:55:40.040+0000] {task_command.py:467} INFO - Running <TaskInstance: lab4_starter.wait_for_vendor_csv manual__2026-06-01T00:00:00+00:00 [running]> on host 35aa88b37d6a
[2026-06-05T12:55:40.157+0000] {taskinstance.py:3132} INFO - Exporting env vars: AIRFLOW_CTX_DAG_OWNER='lab4' AIRFLOW_CTX_DAG_ID='lab4_starter' AIRFLOW_CTX_TASK_ID='wait_for_vendor_csv' AIRFLOW_CTX_EXECUTION_DATE='2026-06-01T00:00:00+00:00' AIRFLOW_CTX_TRY_NUMBER='1' AIRFLOW_CTX_DAG_RUN_ID='manual__2026-06-01T00:00:00+00:00'
[2026-06-05T12:55:40.158+0000] {taskinstance.py:731} INFO - ::endgroup::
[2026-06-05T12:55:40.160+0000] {baseoperator.py:421} WARNING - FileSensor.execute cannot be called outside TaskInstance!
[2026-06-05T12:55:40.173+0000] {crypto.py:82} WARNING - empty cryptography key - values will not be stored encrypted.
[2026-06-05T12:55:40.174+0000] {base.py:84} INFO - Retrieving connection 'fs_default'
[2026-06-05T12:55:40.174+0000] {filesystem.py:109} INFO - Poking for file /opt/***/data/incoming/transactions_2026-06-01.csv
[2026-06-05T12:55:40.175+0000] {filesystem.py:113} INFO - Found File /opt/***/data/incoming/transactions_2026-06-01.csv last modified: 20260605125531
[2026-06-05T12:55:40.175+0000] {base.py:336} INFO - Success criteria met. Exiting.
[2026-06-05T12:55:40.175+0000] {filesystem.py:109} INFO - Poking for file /opt/***/data/incoming/transactions_2026-06-01.csv
[2026-06-05T12:55:40.176+0000] {filesystem.py:113} INFO - Found File /opt/***/data/incoming/transactions_2026-06-01.csv last modified: 20260605125531
[2026-06-05T12:55:40.190+0000] {taskinstance.py:340} INFO - ::group::Post task execution logs
[2026-06-05T12:55:40.190+0000] {taskinstance.py:352} INFO - Marking task as SUCCESS. dag_id=lab4_starter, task_id=wait_for_vendor_csv, run_id=manual__2026-06-01T00:00:00+00:00, execution_date=20260601T000000, start_date=20260605T125539, end_date=20260605T125540
[2026-06-05T12:55:40.223+0000] {local_task_job_runner.py:266} INFO - Task exited with return code 0
[2026-06-05T12:55:40.265+0000] {taskinstance.py:3895} INFO - 1 downstream tasks scheduled from follow-on schedule check
[2026-06-05T12:55:40.266+0000] {local_task_job_runner.py:245} INFO - ::endgroup::
