[2026-06-05T12:46:42.702+0000] {local_task_job_runner.py:123} INFO - ::group::Pre task execution logs
[2026-06-05T12:46:42.727+0000] {taskinstance.py:2613} INFO - Dependencies all met for dep_context=non-requeueable deps ti=<TaskInstance: lab4_starter.verify_spark scheduled__2026-06-04T00:00:00+00:00 [queued]>
[2026-06-05T12:46:42.737+0000] {taskinstance.py:2613} INFO - Dependencies all met for dep_context=requeueable deps ti=<TaskInstance: lab4_starter.verify_spark scheduled__2026-06-04T00:00:00+00:00 [queued]>
[2026-06-05T12:46:42.738+0000] {taskinstance.py:2866} INFO - Starting attempt 1 of 2
[2026-06-05T12:46:42.752+0000] {taskinstance.py:2889} INFO - Executing <Task(_PythonDecoratedOperator): verify_spark> on 2026-06-04 00:00:00+00:00
[2026-06-05T12:46:42.758+0000] {standard_task_runner.py:72} INFO - Started process 468 to run task
[2026-06-05T12:46:42.761+0000] {standard_task_runner.py:104} INFO - Running: ['***', 'tasks', 'run', 'lab4_starter', 'verify_spark', 'scheduled__2026-06-04T00:00:00+00:00', '--job-id', '5', '--raw', '--subdir', 'DAGS_FOLDER/starter_pipeline.py', '--cfg-path', '/tmp/tmp4tz0y9cn']
[2026-06-05T12:46:42.763+0000] {standard_task_runner.py:105} INFO - Job 5: Subtask verify_spark
[2026-06-05T12:46:42.828+0000] {task_command.py:467} INFO - Running <TaskInstance: lab4_starter.verify_spark scheduled__2026-06-04T00:00:00+00:00 [running]> on host bb04fef1c565
[2026-06-05T12:46:42.918+0000] {taskinstance.py:3132} INFO - Exporting env vars: AIRFLOW_CTX_DAG_OWNER='lab4' AIRFLOW_CTX_DAG_ID='lab4_starter' AIRFLOW_CTX_TASK_ID='verify_spark' AIRFLOW_CTX_EXECUTION_DATE='2026-06-04T00:00:00+00:00' AIRFLOW_CTX_TRY_NUMBER='1' AIRFLOW_CTX_DAG_RUN_ID='scheduled__2026-06-04T00:00:00+00:00'
[2026-06-05T12:46:42.919+0000] {taskinstance.py:731} INFO - ::endgroup::
[2026-06-05T12:46:52.235+0000] {python.py:240} INFO - Done. Returned value was: {'logical_date': '2026-06-04', 'status': 'smoke_ok', 'spark_version': '3.5.4', 'smoke_count': 1}
[2026-06-05T12:46:52.306+0000] {taskinstance.py:340} INFO - ::group::Post task execution logs
[2026-06-05T12:46:52.307+0000] {taskinstance.py:352} INFO - Marking task as SUCCESS. dag_id=lab4_starter, task_id=verify_spark, run_id=scheduled__2026-06-04T00:00:00+00:00, execution_date=20260604T000000, start_date=20260605T124642, end_date=20260605T124652
[2026-06-05T12:46:52.344+0000] {local_task_job_runner.py:266} INFO - Task exited with return code 0
[2026-06-05T12:46:52.379+0000] {taskinstance.py:3895} INFO - 1 downstream tasks scheduled from follow-on schedule check
[2026-06-05T12:46:52.381+0000] {local_task_job_runner.py:245} INFO - ::endgroup::
[2026-06-05T12:55:38.635+0000] {local_task_job_runner.py:123} INFO - ::group::Pre task execution logs
[2026-06-05T12:55:38.661+0000] {taskinstance.py:2613} INFO - Dependencies all met for dep_context=non-requeueable deps ti=<TaskInstance: lab4_starter.verify_spark scheduled__2026-06-04T00:00:00+00:00 [queued]>
[2026-06-05T12:55:38.671+0000] {taskinstance.py:2613} INFO - Dependencies all met for dep_context=requeueable deps ti=<TaskInstance: lab4_starter.verify_spark scheduled__2026-06-04T00:00:00+00:00 [queued]>
[2026-06-05T12:55:38.671+0000] {taskinstance.py:2866} INFO - Starting attempt 1 of 2
[2026-06-05T12:55:38.686+0000] {taskinstance.py:2889} INFO - Executing <Task(_PythonDecoratedOperator): verify_spark> on 2026-06-04 00:00:00+00:00
[2026-06-05T12:55:38.692+0000] {standard_task_runner.py:72} INFO - Started process 174 to run task
[2026-06-05T12:55:38.696+0000] {standard_task_runner.py:104} INFO - Running: ['***', 'tasks', 'run', 'lab4_starter', 'verify_spark', 'scheduled__2026-06-04T00:00:00+00:00', '--job-id', '15', '--raw', '--subdir', 'DAGS_FOLDER/starter_pipeline.py', '--cfg-path', '/tmp/tmpjb4ns1bt']
[2026-06-05T12:55:38.697+0000] {standard_task_runner.py:105} INFO - Job 15: Subtask verify_spark
[2026-06-05T12:55:38.769+0000] {task_command.py:467} INFO - Running <TaskInstance: lab4_starter.verify_spark scheduled__2026-06-04T00:00:00+00:00 [running]> on host 35aa88b37d6a
[2026-06-05T12:55:38.891+0000] {taskinstance.py:3132} INFO - Exporting env vars: AIRFLOW_CTX_DAG_OWNER='lab4' AIRFLOW_CTX_DAG_ID='lab4_starter' AIRFLOW_CTX_TASK_ID='verify_spark' AIRFLOW_CTX_EXECUTION_DATE='2026-06-04T00:00:00+00:00' AIRFLOW_CTX_TRY_NUMBER='1' AIRFLOW_CTX_DAG_RUN_ID='scheduled__2026-06-04T00:00:00+00:00'
[2026-06-05T12:55:38.892+0000] {taskinstance.py:731} INFO - ::endgroup::
[2026-06-05T12:55:48.471+0000] {python.py:240} INFO - Done. Returned value was: {'logical_date': '2026-06-04', 'status': 'smoke_ok', 'spark_version': '3.5.4', 'smoke_count': 1}
[2026-06-05T12:55:48.536+0000] {taskinstance.py:340} INFO - ::group::Post task execution logs
[2026-06-05T12:55:48.536+0000] {taskinstance.py:352} INFO - Marking task as SUCCESS. dag_id=lab4_starter, task_id=verify_spark, run_id=scheduled__2026-06-04T00:00:00+00:00, execution_date=20260604T000000, start_date=20260605T125538, end_date=20260605T125548
[2026-06-05T12:55:48.573+0000] {local_task_job_runner.py:266} INFO - Task exited with return code 0
[2026-06-05T12:55:48.608+0000] {taskinstance.py:3895} INFO - 1 downstream tasks scheduled from follow-on schedule check
[2026-06-05T12:55:48.610+0000] {local_task_job_runner.py:245} INFO - ::endgroup::
