[2026-06-05T12:46:45.081+0000] {local_task_job_runner.py:123} INFO - ::group::Pre task execution logs
[2026-06-05T12:46:45.113+0000] {taskinstance.py:2613} INFO - Dependencies all met for dep_context=non-requeueable deps ti=<TaskInstance: lab4_starter.ingest manual__2026-06-01T00:00:00+00:00 [queued]>
[2026-06-05T12:46:45.128+0000] {taskinstance.py:2613} INFO - Dependencies all met for dep_context=requeueable deps ti=<TaskInstance: lab4_starter.ingest manual__2026-06-01T00:00:00+00:00 [queued]>
[2026-06-05T12:46:45.129+0000] {taskinstance.py:2866} INFO - Starting attempt 1 of 2
[2026-06-05T12:46:45.147+0000] {taskinstance.py:2889} INFO - Executing <Task(_PythonDecoratedOperator): ingest> on 2026-06-01 00:00:00+00:00
[2026-06-05T12:46:45.155+0000] {standard_task_runner.py:72} INFO - Started process 550 to run task
[2026-06-05T12:46:45.159+0000] {standard_task_runner.py:104} INFO - Running: ['***', 'tasks', 'run', 'lab4_starter', 'ingest', 'manual__2026-06-01T00:00:00+00:00', '--job-id', '7', '--raw', '--subdir', 'DAGS_FOLDER/starter_pipeline.py', '--cfg-path', '/tmp/tmpjkyh0u05']
[2026-06-05T12:46:45.160+0000] {standard_task_runner.py:105} INFO - Job 7: Subtask ingest
[2026-06-05T12:46:45.231+0000] {task_command.py:467} INFO - Running <TaskInstance: lab4_starter.ingest manual__2026-06-01T00:00:00+00:00 [running]> on host bb04fef1c565
[2026-06-05T12:46:45.356+0000] {taskinstance.py:3132} INFO - Exporting env vars: AIRFLOW_CTX_DAG_OWNER='lab4' AIRFLOW_CTX_DAG_ID='lab4_starter' AIRFLOW_CTX_TASK_ID='ingest' AIRFLOW_CTX_EXECUTION_DATE='2026-06-01T00:00:00+00:00' AIRFLOW_CTX_TRY_NUMBER='1' AIRFLOW_CTX_DAG_RUN_ID='manual__2026-06-01T00:00:00+00:00'
[2026-06-05T12:46:45.357+0000] {taskinstance.py:731} INFO - ::endgroup::
[2026-06-05T12:46:45.398+0000] {python.py:240} INFO - Done. Returned value was: {'logical_date': '2026-06-01', 'raw_path': '/opt/***/data/raw/dt=2026-06-01/transactions.parquet', 'row_count': 200, 'amount_sum': 24975.150000000016}
[2026-06-05T12:46:45.453+0000] {taskinstance.py:340} INFO - ::group::Post task execution logs
[2026-06-05T12:46:45.453+0000] {taskinstance.py:352} INFO - Marking task as SUCCESS. dag_id=lab4_starter, task_id=ingest, run_id=manual__2026-06-01T00:00:00+00:00, execution_date=20260601T000000, start_date=20260605T124645, end_date=20260605T124645
[2026-06-05T12:46:45.493+0000] {local_task_job_runner.py:266} INFO - Task exited with return code 0
[2026-06-05T12:46:45.545+0000] {taskinstance.py:3895} INFO - 1 downstream tasks scheduled from follow-on schedule check
[2026-06-05T12:46:45.546+0000] {local_task_job_runner.py:245} INFO - ::endgroup::
[2026-06-05T12:55:41.292+0000] {local_task_job_runner.py:123} INFO - ::group::Pre task execution logs
[2026-06-05T12:55:41.325+0000] {taskinstance.py:2613} INFO - Dependencies all met for dep_context=non-requeueable deps ti=<TaskInstance: lab4_starter.ingest manual__2026-06-01T00:00:00+00:00 [queued]>
[2026-06-05T12:55:41.339+0000] {taskinstance.py:2613} INFO - Dependencies all met for dep_context=requeueable deps ti=<TaskInstance: lab4_starter.ingest manual__2026-06-01T00:00:00+00:00 [queued]>
[2026-06-05T12:55:41.340+0000] {taskinstance.py:2866} INFO - Starting attempt 1 of 2
[2026-06-05T12:55:41.359+0000] {taskinstance.py:2889} INFO - Executing <Task(_PythonDecoratedOperator): ingest> on 2026-06-01 00:00:00+00:00
[2026-06-05T12:55:41.369+0000] {standard_task_runner.py:72} INFO - Started process 256 to run task
[2026-06-05T12:55:41.372+0000] {standard_task_runner.py:104} INFO - Running: ['***', 'tasks', 'run', 'lab4_starter', 'ingest', 'manual__2026-06-01T00:00:00+00:00', '--job-id', '17', '--raw', '--subdir', 'DAGS_FOLDER/starter_pipeline.py', '--cfg-path', '/tmp/tmp4i6yj8nq']
[2026-06-05T12:55:41.373+0000] {standard_task_runner.py:105} INFO - Job 17: Subtask ingest
[2026-06-05T12:55:41.450+0000] {task_command.py:467} INFO - Running <TaskInstance: lab4_starter.ingest manual__2026-06-01T00:00:00+00:00 [running]> on host 35aa88b37d6a
[2026-06-05T12:55:41.579+0000] {taskinstance.py:3132} INFO - Exporting env vars: AIRFLOW_CTX_DAG_OWNER='lab4' AIRFLOW_CTX_DAG_ID='lab4_starter' AIRFLOW_CTX_TASK_ID='ingest' AIRFLOW_CTX_EXECUTION_DATE='2026-06-01T00:00:00+00:00' AIRFLOW_CTX_TRY_NUMBER='1' AIRFLOW_CTX_DAG_RUN_ID='manual__2026-06-01T00:00:00+00:00'
[2026-06-05T12:55:41.580+0000] {taskinstance.py:731} INFO - ::endgroup::
[2026-06-05T12:55:41.623+0000] {python.py:240} INFO - Done. Returned value was: {'logical_date': '2026-06-01', 'raw_path': '/opt/***/data/raw/dt=2026-06-01/transactions.parquet', 'row_count': 200, 'amount_sum': 24975.150000000016}
[2026-06-05T12:55:41.678+0000] {taskinstance.py:340} INFO - ::group::Post task execution logs
[2026-06-05T12:55:41.678+0000] {taskinstance.py:352} INFO - Marking task as SUCCESS. dag_id=lab4_starter, task_id=ingest, run_id=manual__2026-06-01T00:00:00+00:00, execution_date=20260601T000000, start_date=20260605T125541, end_date=20260605T125541
[2026-06-05T12:55:41.708+0000] {local_task_job_runner.py:266} INFO - Task exited with return code 0
[2026-06-05T12:55:41.763+0000] {taskinstance.py:3895} INFO - 1 downstream tasks scheduled from follow-on schedule check
[2026-06-05T12:55:41.766+0000] {local_task_job_runner.py:245} INFO - ::endgroup::
