[2026-06-05T12:32:36.975+0000] {processor.py:186} INFO - Started process (PID=53) to work on /opt/airflow/dags/team_TEMPLATE.py
[2026-06-05T12:32:36.976+0000] {processor.py:914} INFO - Processing file /opt/airflow/dags/team_TEMPLATE.py for tasks to queue
[2026-06-05T12:32:36.978+0000] {logging_mixin.py:190} INFO - [2026-06-05T12:32:36.978+0000] {dagbag.py:588} INFO - Filling up the DagBag from /opt/airflow/dags/team_TEMPLATE.py
[2026-06-05T12:32:36.982+0000] {logging_mixin.py:190} INFO - [2026-06-05T12:32:36.981+0000] {dagbag.py:387} ERROR - Failed to import: /opt/airflow/dags/team_TEMPLATE.py
Traceback (most recent call last):
  File "/home/airflow/.local/lib/python3.11/site-packages/airflow/models/dagbag.py", line 383, in parse
    loader.exec_module(new_module)
  File "<frozen importlib._bootstrap_external>", line 936, in exec_module
  File "<frozen importlib._bootstrap_external>", line 1074, in get_code
  File "<frozen importlib._bootstrap_external>", line 1004, in source_to_code
  File "<frozen importlib._bootstrap>", line 241, in _call_with_frames_removed
  File "/opt/airflow/dags/team_TEMPLATE.py", line 52
    ...
    ^^^
SyntaxError: invalid syntax
[2026-06-05T12:32:36.983+0000] {processor.py:927} WARNING - No viable dags retrieved from /opt/airflow/dags/team_TEMPLATE.py
[2026-06-05T12:32:37.007+0000] {processor.py:208} INFO - Processing /opt/airflow/dags/team_TEMPLATE.py took 0.038 seconds
[2026-06-05T12:33:07.241+0000] {processor.py:186} INFO - Started process (PID=67) to work on /opt/airflow/dags/team_TEMPLATE.py
[2026-06-05T12:33:07.241+0000] {processor.py:914} INFO - Processing file /opt/airflow/dags/team_TEMPLATE.py for tasks to queue
[2026-06-05T12:33:07.243+0000] {logging_mixin.py:190} INFO - [2026-06-05T12:33:07.242+0000] {dagbag.py:588} INFO - Filling up the DagBag from /opt/airflow/dags/team_TEMPLATE.py
[2026-06-05T12:33:07.245+0000] {logging_mixin.py:190} INFO - [2026-06-05T12:33:07.244+0000] {dagbag.py:387} ERROR - Failed to import: /opt/airflow/dags/team_TEMPLATE.py
Traceback (most recent call last):
  File "/home/airflow/.local/lib/python3.11/site-packages/airflow/models/dagbag.py", line 383, in parse
    loader.exec_module(new_module)
  File "<frozen importlib._bootstrap_external>", line 936, in exec_module
  File "<frozen importlib._bootstrap_external>", line 1074, in get_code
  File "<frozen importlib._bootstrap_external>", line 1004, in source_to_code
  File "<frozen importlib._bootstrap>", line 241, in _call_with_frames_removed
  File "/opt/airflow/dags/team_TEMPLATE.py", line 52
    ...
    ^^^
SyntaxError: invalid syntax
[2026-06-05T12:33:07.245+0000] {processor.py:927} WARNING - No viable dags retrieved from /opt/airflow/dags/team_TEMPLATE.py
[2026-06-05T12:33:07.261+0000] {processor.py:208} INFO - Processing /opt/airflow/dags/team_TEMPLATE.py took 0.025 seconds
[2026-06-05T12:33:37.490+0000] {processor.py:186} INFO - Started process (PID=82) to work on /opt/airflow/dags/team_TEMPLATE.py
[2026-06-05T12:33:37.498+0000] {processor.py:914} INFO - Processing file /opt/airflow/dags/team_TEMPLATE.py for tasks to queue
[2026-06-05T12:33:37.500+0000] {logging_mixin.py:190} INFO - [2026-06-05T12:33:37.500+0000] {dagbag.py:588} INFO - Filling up the DagBag from /opt/airflow/dags/team_TEMPLATE.py
[2026-06-05T12:33:37.503+0000] {logging_mixin.py:190} INFO - [2026-06-05T12:33:37.502+0000] {dagbag.py:387} ERROR - Failed to import: /opt/airflow/dags/team_TEMPLATE.py
Traceback (most recent call last):
  File "/home/airflow/.local/lib/python3.11/site-packages/airflow/models/dagbag.py", line 383, in parse
    loader.exec_module(new_module)
  File "<frozen importlib._bootstrap_external>", line 936, in exec_module
  File "<frozen importlib._bootstrap_external>", line 1074, in get_code
  File "<frozen importlib._bootstrap_external>", line 1004, in source_to_code
  File "<frozen importlib._bootstrap>", line 241, in _call_with_frames_removed
  File "/opt/airflow/dags/team_TEMPLATE.py", line 52
    ...
    ^^^
SyntaxError: invalid syntax
[2026-06-05T12:33:37.503+0000] {processor.py:927} WARNING - No viable dags retrieved from /opt/airflow/dags/team_TEMPLATE.py
[2026-06-05T12:33:37.528+0000] {processor.py:208} INFO - Processing /opt/airflow/dags/team_TEMPLATE.py took 0.043 seconds
[2026-06-05T12:34:07.767+0000] {processor.py:186} INFO - Started process (PID=97) to work on /opt/airflow/dags/team_TEMPLATE.py
[2026-06-05T12:34:07.776+0000] {processor.py:914} INFO - Processing file /opt/airflow/dags/team_TEMPLATE.py for tasks to queue
[2026-06-05T12:34:07.778+0000] {logging_mixin.py:190} INFO - [2026-06-05T12:34:07.778+0000] {dagbag.py:588} INFO - Filling up the DagBag from /opt/airflow/dags/team_TEMPLATE.py
[2026-06-05T12:34:07.781+0000] {logging_mixin.py:190} INFO - [2026-06-05T12:34:07.780+0000] {dagbag.py:387} ERROR - Failed to import: /opt/airflow/dags/team_TEMPLATE.py
Traceback (most recent call last):
  File "/home/airflow/.local/lib/python3.11/site-packages/airflow/models/dagbag.py", line 383, in parse
    loader.exec_module(new_module)
  File "<frozen importlib._bootstrap_external>", line 936, in exec_module
  File "<frozen importlib._bootstrap_external>", line 1074, in get_code
  File "<frozen importlib._bootstrap_external>", line 1004, in source_to_code
  File "<frozen importlib._bootstrap>", line 241, in _call_with_frames_removed
  File "/opt/airflow/dags/team_TEMPLATE.py", line 52
    ...
    ^^^
SyntaxError: invalid syntax
[2026-06-05T12:34:07.782+0000] {processor.py:927} WARNING - No viable dags retrieved from /opt/airflow/dags/team_TEMPLATE.py
[2026-06-05T12:34:07.809+0000] {processor.py:208} INFO - Processing /opt/airflow/dags/team_TEMPLATE.py took 0.048 seconds
[2026-06-05T12:34:38.003+0000] {processor.py:186} INFO - Started process (PID=112) to work on /opt/airflow/dags/team_TEMPLATE.py
[2026-06-05T12:34:38.012+0000] {processor.py:914} INFO - Processing file /opt/airflow/dags/team_TEMPLATE.py for tasks to queue
[2026-06-05T12:34:38.014+0000] {logging_mixin.py:190} INFO - [2026-06-05T12:34:38.014+0000] {dagbag.py:588} INFO - Filling up the DagBag from /opt/airflow/dags/team_TEMPLATE.py
[2026-06-05T12:34:38.018+0000] {logging_mixin.py:190} INFO - [2026-06-05T12:34:38.017+0000] {dagbag.py:387} ERROR - Failed to import: /opt/airflow/dags/team_TEMPLATE.py
Traceback (most recent call last):
  File "/home/airflow/.local/lib/python3.11/site-packages/airflow/models/dagbag.py", line 383, in parse
    loader.exec_module(new_module)
  File "<frozen importlib._bootstrap_external>", line 936, in exec_module
  File "<frozen importlib._bootstrap_external>", line 1074, in get_code
  File "<frozen importlib._bootstrap_external>", line 1004, in source_to_code
  File "<frozen importlib._bootstrap>", line 241, in _call_with_frames_removed
  File "/opt/airflow/dags/team_TEMPLATE.py", line 52
    ...
    ^^^
SyntaxError: invalid syntax
[2026-06-05T12:34:38.018+0000] {processor.py:927} WARNING - No viable dags retrieved from /opt/airflow/dags/team_TEMPLATE.py
[2026-06-05T12:34:38.045+0000] {processor.py:208} INFO - Processing /opt/airflow/dags/team_TEMPLATE.py took 0.050 seconds
[2026-06-05T12:35:08.195+0000] {processor.py:186} INFO - Started process (PID=127) to work on /opt/airflow/dags/team_TEMPLATE.py
[2026-06-05T12:35:08.204+0000] {processor.py:914} INFO - Processing file /opt/airflow/dags/team_TEMPLATE.py for tasks to queue
[2026-06-05T12:35:08.206+0000] {logging_mixin.py:190} INFO - [2026-06-05T12:35:08.206+0000] {dagbag.py:588} INFO - Filling up the DagBag from /opt/airflow/dags/team_TEMPLATE.py
[2026-06-05T12:35:08.209+0000] {logging_mixin.py:190} INFO - [2026-06-05T12:35:08.208+0000] {dagbag.py:387} ERROR - Failed to import: /opt/airflow/dags/team_TEMPLATE.py
Traceback (most recent call last):
  File "/home/airflow/.local/lib/python3.11/site-packages/airflow/models/dagbag.py", line 383, in parse
    loader.exec_module(new_module)
  File "<frozen importlib._bootstrap_external>", line 936, in exec_module
  File "<frozen importlib._bootstrap_external>", line 1074, in get_code
  File "<frozen importlib._bootstrap_external>", line 1004, in source_to_code
  File "<frozen importlib._bootstrap>", line 241, in _call_with_frames_removed
  File "/opt/airflow/dags/team_TEMPLATE.py", line 52
    ...
    ^^^
SyntaxError: invalid syntax
[2026-06-05T12:35:08.210+0000] {processor.py:927} WARNING - No viable dags retrieved from /opt/airflow/dags/team_TEMPLATE.py
[2026-06-05T12:35:08.239+0000] {processor.py:208} INFO - Processing /opt/airflow/dags/team_TEMPLATE.py took 0.050 seconds
[2026-06-05T12:35:38.493+0000] {processor.py:186} INFO - Started process (PID=142) to work on /opt/airflow/dags/team_TEMPLATE.py
[2026-06-05T12:35:38.502+0000] {processor.py:914} INFO - Processing file /opt/airflow/dags/team_TEMPLATE.py for tasks to queue
[2026-06-05T12:35:38.503+0000] {logging_mixin.py:190} INFO - [2026-06-05T12:35:38.503+0000] {dagbag.py:588} INFO - Filling up the DagBag from /opt/airflow/dags/team_TEMPLATE.py
[2026-06-05T12:35:38.506+0000] {logging_mixin.py:190} INFO - [2026-06-05T12:35:38.505+0000] {dagbag.py:387} ERROR - Failed to import: /opt/airflow/dags/team_TEMPLATE.py
Traceback (most recent call last):
  File "/home/airflow/.local/lib/python3.11/site-packages/airflow/models/dagbag.py", line 383, in parse
    loader.exec_module(new_module)
  File "<frozen importlib._bootstrap_external>", line 936, in exec_module
  File "<frozen importlib._bootstrap_external>", line 1074, in get_code
  File "<frozen importlib._bootstrap_external>", line 1004, in source_to_code
  File "<frozen importlib._bootstrap>", line 241, in _call_with_frames_removed
  File "/opt/airflow/dags/team_TEMPLATE.py", line 52
    ...
    ^^^
SyntaxError: invalid syntax
[2026-06-05T12:35:38.507+0000] {processor.py:927} WARNING - No viable dags retrieved from /opt/airflow/dags/team_TEMPLATE.py
[2026-06-05T12:35:38.525+0000] {processor.py:208} INFO - Processing /opt/airflow/dags/team_TEMPLATE.py took 0.037 seconds
[2026-06-05T12:36:08.777+0000] {processor.py:186} INFO - Started process (PID=157) to work on /opt/airflow/dags/team_TEMPLATE.py
[2026-06-05T12:36:08.785+0000] {processor.py:914} INFO - Processing file /opt/airflow/dags/team_TEMPLATE.py for tasks to queue
[2026-06-05T12:36:08.787+0000] {logging_mixin.py:190} INFO - [2026-06-05T12:36:08.787+0000] {dagbag.py:588} INFO - Filling up the DagBag from /opt/airflow/dags/team_TEMPLATE.py
[2026-06-05T12:36:08.790+0000] {logging_mixin.py:190} INFO - [2026-06-05T12:36:08.789+0000] {dagbag.py:387} ERROR - Failed to import: /opt/airflow/dags/team_TEMPLATE.py
Traceback (most recent call last):
  File "/home/airflow/.local/lib/python3.11/site-packages/airflow/models/dagbag.py", line 383, in parse
    loader.exec_module(new_module)
  File "<frozen importlib._bootstrap_external>", line 936, in exec_module
  File "<frozen importlib._bootstrap_external>", line 1074, in get_code
  File "<frozen importlib._bootstrap_external>", line 1004, in source_to_code
  File "<frozen importlib._bootstrap>", line 241, in _call_with_frames_removed
  File "/opt/airflow/dags/team_TEMPLATE.py", line 52
    ...
    ^^^
SyntaxError: invalid syntax
[2026-06-05T12:36:08.790+0000] {processor.py:927} WARNING - No viable dags retrieved from /opt/airflow/dags/team_TEMPLATE.py
[2026-06-05T12:36:08.809+0000] {processor.py:208} INFO - Processing /opt/airflow/dags/team_TEMPLATE.py took 0.037 seconds
[2026-06-05T12:36:39.063+0000] {processor.py:186} INFO - Started process (PID=172) to work on /opt/airflow/dags/team_TEMPLATE.py
[2026-06-05T12:36:39.072+0000] {processor.py:914} INFO - Processing file /opt/airflow/dags/team_TEMPLATE.py for tasks to queue
[2026-06-05T12:36:39.074+0000] {logging_mixin.py:190} INFO - [2026-06-05T12:36:39.074+0000] {dagbag.py:588} INFO - Filling up the DagBag from /opt/airflow/dags/team_TEMPLATE.py
[2026-06-05T12:36:39.077+0000] {logging_mixin.py:190} INFO - [2026-06-05T12:36:39.076+0000] {dagbag.py:387} ERROR - Failed to import: /opt/airflow/dags/team_TEMPLATE.py
Traceback (most recent call last):
  File "/home/airflow/.local/lib/python3.11/site-packages/airflow/models/dagbag.py", line 383, in parse
    loader.exec_module(new_module)
  File "<frozen importlib._bootstrap_external>", line 936, in exec_module
  File "<frozen importlib._bootstrap_external>", line 1074, in get_code
  File "<frozen importlib._bootstrap_external>", line 1004, in source_to_code
  File "<frozen importlib._bootstrap>", line 241, in _call_with_frames_removed
  File "/opt/airflow/dags/team_TEMPLATE.py", line 52
    ...
    ^^^
SyntaxError: invalid syntax
[2026-06-05T12:36:39.078+0000] {processor.py:927} WARNING - No viable dags retrieved from /opt/airflow/dags/team_TEMPLATE.py
[2026-06-05T12:36:39.101+0000] {processor.py:208} INFO - Processing /opt/airflow/dags/team_TEMPLATE.py took 0.043 seconds
[2026-06-05T12:37:09.364+0000] {processor.py:186} INFO - Started process (PID=187) to work on /opt/airflow/dags/team_TEMPLATE.py
[2026-06-05T12:37:09.365+0000] {processor.py:914} INFO - Processing file /opt/airflow/dags/team_TEMPLATE.py for tasks to queue
[2026-06-05T12:37:09.367+0000] {logging_mixin.py:190} INFO - [2026-06-05T12:37:09.367+0000] {dagbag.py:588} INFO - Filling up the DagBag from /opt/airflow/dags/team_TEMPLATE.py
[2026-06-05T12:37:09.370+0000] {logging_mixin.py:190} INFO - [2026-06-05T12:37:09.369+0000] {dagbag.py:387} ERROR - Failed to import: /opt/airflow/dags/team_TEMPLATE.py
Traceback (most recent call last):
  File "/home/airflow/.local/lib/python3.11/site-packages/airflow/models/dagbag.py", line 383, in parse
    loader.exec_module(new_module)
  File "<frozen importlib._bootstrap_external>", line 936, in exec_module
  File "<frozen importlib._bootstrap_external>", line 1074, in get_code
  File "<frozen importlib._bootstrap_external>", line 1004, in source_to_code
  File "<frozen importlib._bootstrap>", line 241, in _call_with_frames_removed
  File "/opt/airflow/dags/team_TEMPLATE.py", line 52
    ...
    ^^^
SyntaxError: invalid syntax
[2026-06-05T12:37:09.370+0000] {processor.py:927} WARNING - No viable dags retrieved from /opt/airflow/dags/team_TEMPLATE.py
[2026-06-05T12:37:09.390+0000] {processor.py:208} INFO - Processing /opt/airflow/dags/team_TEMPLATE.py took 0.031 seconds
[2026-06-05T12:37:39.657+0000] {processor.py:186} INFO - Started process (PID=202) to work on /opt/airflow/dags/team_TEMPLATE.py
[2026-06-05T12:37:39.665+0000] {processor.py:914} INFO - Processing file /opt/airflow/dags/team_TEMPLATE.py for tasks to queue
[2026-06-05T12:37:39.667+0000] {logging_mixin.py:190} INFO - [2026-06-05T12:37:39.667+0000] {dagbag.py:588} INFO - Filling up the DagBag from /opt/airflow/dags/team_TEMPLATE.py
[2026-06-05T12:37:39.670+0000] {logging_mixin.py:190} INFO - [2026-06-05T12:37:39.669+0000] {dagbag.py:387} ERROR - Failed to import: /opt/airflow/dags/team_TEMPLATE.py
Traceback (most recent call last):
  File "/home/airflow/.local/lib/python3.11/site-packages/airflow/models/dagbag.py", line 383, in parse
    loader.exec_module(new_module)
  File "<frozen importlib._bootstrap_external>", line 936, in exec_module
  File "<frozen importlib._bootstrap_external>", line 1074, in get_code
  File "<frozen importlib._bootstrap_external>", line 1004, in source_to_code
  File "<frozen importlib._bootstrap>", line 241, in _call_with_frames_removed
  File "/opt/airflow/dags/team_TEMPLATE.py", line 52
    ...
    ^^^
SyntaxError: invalid syntax
[2026-06-05T12:37:39.670+0000] {processor.py:927} WARNING - No viable dags retrieved from /opt/airflow/dags/team_TEMPLATE.py
[2026-06-05T12:37:39.691+0000] {processor.py:208} INFO - Processing /opt/airflow/dags/team_TEMPLATE.py took 0.038 seconds
[2026-06-05T12:38:09.965+0000] {processor.py:186} INFO - Started process (PID=217) to work on /opt/airflow/dags/team_TEMPLATE.py
[2026-06-05T12:38:09.975+0000] {processor.py:914} INFO - Processing file /opt/airflow/dags/team_TEMPLATE.py for tasks to queue
[2026-06-05T12:38:09.980+0000] {logging_mixin.py:190} INFO - [2026-06-05T12:38:09.979+0000] {dagbag.py:588} INFO - Filling up the DagBag from /opt/airflow/dags/team_TEMPLATE.py
[2026-06-05T12:38:09.988+0000] {logging_mixin.py:190} INFO - [2026-06-05T12:38:09.985+0000] {dagbag.py:387} ERROR - Failed to import: /opt/airflow/dags/team_TEMPLATE.py
Traceback (most recent call last):
  File "/home/airflow/.local/lib/python3.11/site-packages/airflow/models/dagbag.py", line 383, in parse
    loader.exec_module(new_module)
  File "<frozen importlib._bootstrap_external>", line 936, in exec_module
  File "<frozen importlib._bootstrap_external>", line 1074, in get_code
  File "<frozen importlib._bootstrap_external>", line 1004, in source_to_code
  File "<frozen importlib._bootstrap>", line 241, in _call_with_frames_removed
  File "/opt/airflow/dags/team_TEMPLATE.py", line 52
    ...
    ^^^
SyntaxError: invalid syntax
[2026-06-05T12:38:09.989+0000] {processor.py:927} WARNING - No viable dags retrieved from /opt/airflow/dags/team_TEMPLATE.py
[2026-06-05T12:38:10.018+0000] {processor.py:208} INFO - Processing /opt/airflow/dags/team_TEMPLATE.py took 0.067 seconds
[2026-06-05T12:38:40.259+0000] {processor.py:186} INFO - Started process (PID=232) to work on /opt/airflow/dags/team_TEMPLATE.py
[2026-06-05T12:38:40.268+0000] {processor.py:914} INFO - Processing file /opt/airflow/dags/team_TEMPLATE.py for tasks to queue
[2026-06-05T12:38:40.270+0000] {logging_mixin.py:190} INFO - [2026-06-05T12:38:40.269+0000] {dagbag.py:588} INFO - Filling up the DagBag from /opt/airflow/dags/team_TEMPLATE.py
[2026-06-05T12:38:40.273+0000] {logging_mixin.py:190} INFO - [2026-06-05T12:38:40.272+0000] {dagbag.py:387} ERROR - Failed to import: /opt/airflow/dags/team_TEMPLATE.py
Traceback (most recent call last):
  File "/home/airflow/.local/lib/python3.11/site-packages/airflow/models/dagbag.py", line 383, in parse
    loader.exec_module(new_module)
  File "<frozen importlib._bootstrap_external>", line 936, in exec_module
  File "<frozen importlib._bootstrap_external>", line 1074, in get_code
  File "<frozen importlib._bootstrap_external>", line 1004, in source_to_code
  File "<frozen importlib._bootstrap>", line 241, in _call_with_frames_removed
  File "/opt/airflow/dags/team_TEMPLATE.py", line 52
    ...
    ^^^
SyntaxError: invalid syntax
[2026-06-05T12:38:40.274+0000] {processor.py:927} WARNING - No viable dags retrieved from /opt/airflow/dags/team_TEMPLATE.py
[2026-06-05T12:38:40.298+0000] {processor.py:208} INFO - Processing /opt/airflow/dags/team_TEMPLATE.py took 0.044 seconds
[2026-06-05T12:39:10.519+0000] {processor.py:186} INFO - Started process (PID=247) to work on /opt/airflow/dags/team_TEMPLATE.py
[2026-06-05T12:39:10.528+0000] {processor.py:914} INFO - Processing file /opt/airflow/dags/team_TEMPLATE.py for tasks to queue
[2026-06-05T12:39:10.530+0000] {logging_mixin.py:190} INFO - [2026-06-05T12:39:10.530+0000] {dagbag.py:588} INFO - Filling up the DagBag from /opt/airflow/dags/team_TEMPLATE.py
[2026-06-05T12:39:10.533+0000] {logging_mixin.py:190} INFO - [2026-06-05T12:39:10.532+0000] {dagbag.py:387} ERROR - Failed to import: /opt/airflow/dags/team_TEMPLATE.py
Traceback (most recent call last):
  File "/home/airflow/.local/lib/python3.11/site-packages/airflow/models/dagbag.py", line 383, in parse
    loader.exec_module(new_module)
  File "<frozen importlib._bootstrap_external>", line 936, in exec_module
  File "<frozen importlib._bootstrap_external>", line 1074, in get_code
  File "<frozen importlib._bootstrap_external>", line 1004, in source_to_code
  File "<frozen importlib._bootstrap>", line 241, in _call_with_frames_removed
  File "/opt/airflow/dags/team_TEMPLATE.py", line 52
    ...
    ^^^
SyntaxError: invalid syntax
[2026-06-05T12:39:10.533+0000] {processor.py:927} WARNING - No viable dags retrieved from /opt/airflow/dags/team_TEMPLATE.py
[2026-06-05T12:39:10.556+0000] {processor.py:208} INFO - Processing /opt/airflow/dags/team_TEMPLATE.py took 0.041 seconds
[2026-06-05T12:39:40.787+0000] {processor.py:186} INFO - Started process (PID=262) to work on /opt/airflow/dags/team_TEMPLATE.py
[2026-06-05T12:39:40.795+0000] {processor.py:914} INFO - Processing file /opt/airflow/dags/team_TEMPLATE.py for tasks to queue
[2026-06-05T12:39:40.797+0000] {logging_mixin.py:190} INFO - [2026-06-05T12:39:40.797+0000] {dagbag.py:588} INFO - Filling up the DagBag from /opt/airflow/dags/team_TEMPLATE.py
[2026-06-05T12:39:40.800+0000] {logging_mixin.py:190} INFO - [2026-06-05T12:39:40.799+0000] {dagbag.py:387} ERROR - Failed to import: /opt/airflow/dags/team_TEMPLATE.py
Traceback (most recent call last):
  File "/home/airflow/.local/lib/python3.11/site-packages/airflow/models/dagbag.py", line 383, in parse
    loader.exec_module(new_module)
  File "<frozen importlib._bootstrap_external>", line 936, in exec_module
  File "<frozen importlib._bootstrap_external>", line 1074, in get_code
  File "<frozen importlib._bootstrap_external>", line 1004, in source_to_code
  File "<frozen importlib._bootstrap>", line 241, in _call_with_frames_removed
  File "/opt/airflow/dags/team_TEMPLATE.py", line 52
    ...
    ^^^
SyntaxError: invalid syntax
[2026-06-05T12:39:40.800+0000] {processor.py:927} WARNING - No viable dags retrieved from /opt/airflow/dags/team_TEMPLATE.py
[2026-06-05T12:39:40.818+0000] {processor.py:208} INFO - Processing /opt/airflow/dags/team_TEMPLATE.py took 0.036 seconds
[2026-06-05T12:40:11.068+0000] {processor.py:186} INFO - Started process (PID=277) to work on /opt/airflow/dags/team_TEMPLATE.py
[2026-06-05T12:40:11.077+0000] {processor.py:914} INFO - Processing file /opt/airflow/dags/team_TEMPLATE.py for tasks to queue
[2026-06-05T12:40:11.079+0000] {logging_mixin.py:190} INFO - [2026-06-05T12:40:11.078+0000] {dagbag.py:588} INFO - Filling up the DagBag from /opt/airflow/dags/team_TEMPLATE.py
[2026-06-05T12:40:11.081+0000] {logging_mixin.py:190} INFO - [2026-06-05T12:40:11.080+0000] {dagbag.py:387} ERROR - Failed to import: /opt/airflow/dags/team_TEMPLATE.py
Traceback (most recent call last):
  File "/home/airflow/.local/lib/python3.11/site-packages/airflow/models/dagbag.py", line 383, in parse
    loader.exec_module(new_module)
  File "<frozen importlib._bootstrap_external>", line 936, in exec_module
  File "<frozen importlib._bootstrap_external>", line 1074, in get_code
  File "<frozen importlib._bootstrap_external>", line 1004, in source_to_code
  File "<frozen importlib._bootstrap>", line 241, in _call_with_frames_removed
  File "/opt/airflow/dags/team_TEMPLATE.py", line 52
    ...
    ^^^
SyntaxError: invalid syntax
[2026-06-05T12:40:11.082+0000] {processor.py:927} WARNING - No viable dags retrieved from /opt/airflow/dags/team_TEMPLATE.py
[2026-06-05T12:40:11.099+0000] {processor.py:208} INFO - Processing /opt/airflow/dags/team_TEMPLATE.py took 0.035 seconds
[2026-06-05T12:40:41.314+0000] {processor.py:186} INFO - Started process (PID=292) to work on /opt/airflow/dags/team_TEMPLATE.py
[2026-06-05T12:40:41.322+0000] {processor.py:914} INFO - Processing file /opt/airflow/dags/team_TEMPLATE.py for tasks to queue
[2026-06-05T12:40:41.324+0000] {logging_mixin.py:190} INFO - [2026-06-05T12:40:41.324+0000] {dagbag.py:588} INFO - Filling up the DagBag from /opt/airflow/dags/team_TEMPLATE.py
[2026-06-05T12:40:41.327+0000] {logging_mixin.py:190} INFO - [2026-06-05T12:40:41.326+0000] {dagbag.py:387} ERROR - Failed to import: /opt/airflow/dags/team_TEMPLATE.py
Traceback (most recent call last):
  File "/home/airflow/.local/lib/python3.11/site-packages/airflow/models/dagbag.py", line 383, in parse
    loader.exec_module(new_module)
  File "<frozen importlib._bootstrap_external>", line 936, in exec_module
  File "<frozen importlib._bootstrap_external>", line 1074, in get_code
  File "<frozen importlib._bootstrap_external>", line 1004, in source_to_code
  File "<frozen importlib._bootstrap>", line 241, in _call_with_frames_removed
  File "/opt/airflow/dags/team_TEMPLATE.py", line 52
    ...
    ^^^
SyntaxError: invalid syntax
[2026-06-05T12:40:41.327+0000] {processor.py:927} WARNING - No viable dags retrieved from /opt/airflow/dags/team_TEMPLATE.py
[2026-06-05T12:40:41.353+0000] {processor.py:208} INFO - Processing /opt/airflow/dags/team_TEMPLATE.py took 0.044 seconds
[2026-06-05T12:41:11.557+0000] {processor.py:186} INFO - Started process (PID=307) to work on /opt/airflow/dags/team_TEMPLATE.py
[2026-06-05T12:41:11.558+0000] {processor.py:914} INFO - Processing file /opt/airflow/dags/team_TEMPLATE.py for tasks to queue
[2026-06-05T12:41:11.559+0000] {logging_mixin.py:190} INFO - [2026-06-05T12:41:11.559+0000] {dagbag.py:588} INFO - Filling up the DagBag from /opt/airflow/dags/team_TEMPLATE.py
[2026-06-05T12:41:11.562+0000] {logging_mixin.py:190} INFO - [2026-06-05T12:41:11.561+0000] {dagbag.py:387} ERROR - Failed to import: /opt/airflow/dags/team_TEMPLATE.py
Traceback (most recent call last):
  File "/home/airflow/.local/lib/python3.11/site-packages/airflow/models/dagbag.py", line 383, in parse
    loader.exec_module(new_module)
  File "<frozen importlib._bootstrap_external>", line 936, in exec_module
  File "<frozen importlib._bootstrap_external>", line 1074, in get_code
  File "<frozen importlib._bootstrap_external>", line 1004, in source_to_code
  File "<frozen importlib._bootstrap>", line 241, in _call_with_frames_removed
  File "/opt/airflow/dags/team_TEMPLATE.py", line 52
    ...
    ^^^
SyntaxError: invalid syntax
[2026-06-05T12:41:11.562+0000] {processor.py:927} WARNING - No viable dags retrieved from /opt/airflow/dags/team_TEMPLATE.py
[2026-06-05T12:41:11.581+0000] {processor.py:208} INFO - Processing /opt/airflow/dags/team_TEMPLATE.py took 0.031 seconds
[2026-06-05T12:41:41.831+0000] {processor.py:186} INFO - Started process (PID=328) to work on /opt/airflow/dags/team_TEMPLATE.py
[2026-06-05T12:41:41.831+0000] {processor.py:914} INFO - Processing file /opt/airflow/dags/team_TEMPLATE.py for tasks to queue
[2026-06-05T12:41:41.833+0000] {logging_mixin.py:190} INFO - [2026-06-05T12:41:41.833+0000] {dagbag.py:588} INFO - Filling up the DagBag from /opt/airflow/dags/team_TEMPLATE.py
[2026-06-05T12:41:41.835+0000] {logging_mixin.py:190} INFO - [2026-06-05T12:41:41.835+0000] {dagbag.py:387} ERROR - Failed to import: /opt/airflow/dags/team_TEMPLATE.py
Traceback (most recent call last):
  File "/home/airflow/.local/lib/python3.11/site-packages/airflow/models/dagbag.py", line 383, in parse
    loader.exec_module(new_module)
  File "<frozen importlib._bootstrap_external>", line 936, in exec_module
  File "<frozen importlib._bootstrap_external>", line 1074, in get_code
  File "<frozen importlib._bootstrap_external>", line 1004, in source_to_code
  File "<frozen importlib._bootstrap>", line 241, in _call_with_frames_removed
  File "/opt/airflow/dags/team_TEMPLATE.py", line 52
    ...
    ^^^
SyntaxError: invalid syntax
[2026-06-05T12:41:41.836+0000] {processor.py:927} WARNING - No viable dags retrieved from /opt/airflow/dags/team_TEMPLATE.py
[2026-06-05T12:41:41.855+0000] {processor.py:208} INFO - Processing /opt/airflow/dags/team_TEMPLATE.py took 0.029 seconds
[2026-06-05T12:42:12.111+0000] {processor.py:186} INFO - Started process (PID=343) to work on /opt/airflow/dags/team_TEMPLATE.py
[2026-06-05T12:42:12.119+0000] {processor.py:914} INFO - Processing file /opt/airflow/dags/team_TEMPLATE.py for tasks to queue
[2026-06-05T12:42:12.121+0000] {logging_mixin.py:190} INFO - [2026-06-05T12:42:12.121+0000] {dagbag.py:588} INFO - Filling up the DagBag from /opt/airflow/dags/team_TEMPLATE.py
[2026-06-05T12:42:12.124+0000] {logging_mixin.py:190} INFO - [2026-06-05T12:42:12.123+0000] {dagbag.py:387} ERROR - Failed to import: /opt/airflow/dags/team_TEMPLATE.py
Traceback (most recent call last):
  File "/home/airflow/.local/lib/python3.11/site-packages/airflow/models/dagbag.py", line 383, in parse
    loader.exec_module(new_module)
  File "<frozen importlib._bootstrap_external>", line 936, in exec_module
  File "<frozen importlib._bootstrap_external>", line 1074, in get_code
  File "<frozen importlib._bootstrap_external>", line 1004, in source_to_code
  File "<frozen importlib._bootstrap>", line 241, in _call_with_frames_removed
  File "/opt/airflow/dags/team_TEMPLATE.py", line 52
    ...
    ^^^
SyntaxError: invalid syntax
[2026-06-05T12:42:12.125+0000] {processor.py:927} WARNING - No viable dags retrieved from /opt/airflow/dags/team_TEMPLATE.py
[2026-06-05T12:42:12.146+0000] {processor.py:208} INFO - Processing /opt/airflow/dags/team_TEMPLATE.py took 0.041 seconds
[2026-06-05T12:42:42.365+0000] {processor.py:186} INFO - Started process (PID=358) to work on /opt/airflow/dags/team_TEMPLATE.py
[2026-06-05T12:42:42.366+0000] {processor.py:914} INFO - Processing file /opt/airflow/dags/team_TEMPLATE.py for tasks to queue
[2026-06-05T12:42:42.368+0000] {logging_mixin.py:190} INFO - [2026-06-05T12:42:42.368+0000] {dagbag.py:588} INFO - Filling up the DagBag from /opt/airflow/dags/team_TEMPLATE.py
[2026-06-05T12:42:42.370+0000] {logging_mixin.py:190} INFO - [2026-06-05T12:42:42.369+0000] {dagbag.py:387} ERROR - Failed to import: /opt/airflow/dags/team_TEMPLATE.py
Traceback (most recent call last):
  File "/home/airflow/.local/lib/python3.11/site-packages/airflow/models/dagbag.py", line 383, in parse
    loader.exec_module(new_module)
  File "<frozen importlib._bootstrap_external>", line 936, in exec_module
  File "<frozen importlib._bootstrap_external>", line 1074, in get_code
  File "<frozen importlib._bootstrap_external>", line 1004, in source_to_code
  File "<frozen importlib._bootstrap>", line 241, in _call_with_frames_removed
  File "/opt/airflow/dags/team_TEMPLATE.py", line 52
    ...
    ^^^
SyntaxError: invalid syntax
[2026-06-05T12:42:42.370+0000] {processor.py:927} WARNING - No viable dags retrieved from /opt/airflow/dags/team_TEMPLATE.py
[2026-06-05T12:42:42.386+0000] {processor.py:208} INFO - Processing /opt/airflow/dags/team_TEMPLATE.py took 0.025 seconds
[2026-06-05T12:43:12.524+0000] {processor.py:186} INFO - Started process (PID=373) to work on /opt/airflow/dags/team_TEMPLATE.py
[2026-06-05T12:43:12.532+0000] {processor.py:914} INFO - Processing file /opt/airflow/dags/team_TEMPLATE.py for tasks to queue
[2026-06-05T12:43:12.534+0000] {logging_mixin.py:190} INFO - [2026-06-05T12:43:12.534+0000] {dagbag.py:588} INFO - Filling up the DagBag from /opt/airflow/dags/team_TEMPLATE.py
[2026-06-05T12:43:12.537+0000] {logging_mixin.py:190} INFO - [2026-06-05T12:43:12.536+0000] {dagbag.py:387} ERROR - Failed to import: /opt/airflow/dags/team_TEMPLATE.py
Traceback (most recent call last):
  File "/home/airflow/.local/lib/python3.11/site-packages/airflow/models/dagbag.py", line 383, in parse
    loader.exec_module(new_module)
  File "<frozen importlib._bootstrap_external>", line 936, in exec_module
  File "<frozen importlib._bootstrap_external>", line 1074, in get_code
  File "<frozen importlib._bootstrap_external>", line 1004, in source_to_code
  File "<frozen importlib._bootstrap>", line 241, in _call_with_frames_removed
  File "/opt/airflow/dags/team_TEMPLATE.py", line 52
    ...
    ^^^
SyntaxError: invalid syntax
[2026-06-05T12:43:12.538+0000] {processor.py:927} WARNING - No viable dags retrieved from /opt/airflow/dags/team_TEMPLATE.py
[2026-06-05T12:43:12.558+0000] {processor.py:208} INFO - Processing /opt/airflow/dags/team_TEMPLATE.py took 0.040 seconds
[2026-06-05T12:43:42.691+0000] {processor.py:186} INFO - Started process (PID=388) to work on /opt/airflow/dags/team_TEMPLATE.py
[2026-06-05T12:43:42.699+0000] {processor.py:914} INFO - Processing file /opt/airflow/dags/team_TEMPLATE.py for tasks to queue
[2026-06-05T12:43:42.701+0000] {logging_mixin.py:190} INFO - [2026-06-05T12:43:42.700+0000] {dagbag.py:588} INFO - Filling up the DagBag from /opt/airflow/dags/team_TEMPLATE.py
[2026-06-05T12:43:42.704+0000] {logging_mixin.py:190} INFO - [2026-06-05T12:43:42.703+0000] {dagbag.py:387} ERROR - Failed to import: /opt/airflow/dags/team_TEMPLATE.py
Traceback (most recent call last):
  File "/home/airflow/.local/lib/python3.11/site-packages/airflow/models/dagbag.py", line 383, in parse
    loader.exec_module(new_module)
  File "<frozen importlib._bootstrap_external>", line 936, in exec_module
  File "<frozen importlib._bootstrap_external>", line 1074, in get_code
  File "<frozen importlib._bootstrap_external>", line 1004, in source_to_code
  File "<frozen importlib._bootstrap>", line 241, in _call_with_frames_removed
  File "/opt/airflow/dags/team_TEMPLATE.py", line 52
    ...
    ^^^
SyntaxError: invalid syntax
[2026-06-05T12:43:42.704+0000] {processor.py:927} WARNING - No viable dags retrieved from /opt/airflow/dags/team_TEMPLATE.py
[2026-06-05T12:43:42.724+0000] {processor.py:208} INFO - Processing /opt/airflow/dags/team_TEMPLATE.py took 0.038 seconds
[2026-06-05T12:44:12.861+0000] {processor.py:186} INFO - Started process (PID=403) to work on /opt/airflow/dags/team_TEMPLATE.py
[2026-06-05T12:44:12.870+0000] {processor.py:914} INFO - Processing file /opt/airflow/dags/team_TEMPLATE.py for tasks to queue
[2026-06-05T12:44:12.872+0000] {logging_mixin.py:190} INFO - [2026-06-05T12:44:12.871+0000] {dagbag.py:588} INFO - Filling up the DagBag from /opt/airflow/dags/team_TEMPLATE.py
[2026-06-05T12:44:12.874+0000] {logging_mixin.py:190} INFO - [2026-06-05T12:44:12.874+0000] {dagbag.py:387} ERROR - Failed to import: /opt/airflow/dags/team_TEMPLATE.py
Traceback (most recent call last):
  File "/home/airflow/.local/lib/python3.11/site-packages/airflow/models/dagbag.py", line 383, in parse
    loader.exec_module(new_module)
  File "<frozen importlib._bootstrap_external>", line 936, in exec_module
  File "<frozen importlib._bootstrap_external>", line 1074, in get_code
  File "<frozen importlib._bootstrap_external>", line 1004, in source_to_code
  File "<frozen importlib._bootstrap>", line 241, in _call_with_frames_removed
  File "/opt/airflow/dags/team_TEMPLATE.py", line 52
    ...
    ^^^
SyntaxError: invalid syntax
[2026-06-05T12:44:12.875+0000] {processor.py:927} WARNING - No viable dags retrieved from /opt/airflow/dags/team_TEMPLATE.py
[2026-06-05T12:44:12.899+0000] {processor.py:208} INFO - Processing /opt/airflow/dags/team_TEMPLATE.py took 0.043 seconds
[2026-06-05T12:44:43.030+0000] {processor.py:186} INFO - Started process (PID=418) to work on /opt/airflow/dags/team_TEMPLATE.py
[2026-06-05T12:44:43.038+0000] {processor.py:914} INFO - Processing file /opt/airflow/dags/team_TEMPLATE.py for tasks to queue
[2026-06-05T12:44:43.040+0000] {logging_mixin.py:190} INFO - [2026-06-05T12:44:43.040+0000] {dagbag.py:588} INFO - Filling up the DagBag from /opt/airflow/dags/team_TEMPLATE.py
[2026-06-05T12:44:43.043+0000] {logging_mixin.py:190} INFO - [2026-06-05T12:44:43.042+0000] {dagbag.py:387} ERROR - Failed to import: /opt/airflow/dags/team_TEMPLATE.py
Traceback (most recent call last):
  File "/home/airflow/.local/lib/python3.11/site-packages/airflow/models/dagbag.py", line 383, in parse
    loader.exec_module(new_module)
  File "<frozen importlib._bootstrap_external>", line 936, in exec_module
  File "<frozen importlib._bootstrap_external>", line 1074, in get_code
  File "<frozen importlib._bootstrap_external>", line 1004, in source_to_code
  File "<frozen importlib._bootstrap>", line 241, in _call_with_frames_removed
  File "/opt/airflow/dags/team_TEMPLATE.py", line 52
    ...
    ^^^
SyntaxError: invalid syntax
[2026-06-05T12:44:43.043+0000] {processor.py:927} WARNING - No viable dags retrieved from /opt/airflow/dags/team_TEMPLATE.py
[2026-06-05T12:44:43.062+0000] {processor.py:208} INFO - Processing /opt/airflow/dags/team_TEMPLATE.py took 0.037 seconds
[2026-06-05T12:45:13.219+0000] {processor.py:186} INFO - Started process (PID=433) to work on /opt/airflow/dags/team_TEMPLATE.py
[2026-06-05T12:45:13.227+0000] {processor.py:914} INFO - Processing file /opt/airflow/dags/team_TEMPLATE.py for tasks to queue
[2026-06-05T12:45:13.229+0000] {logging_mixin.py:190} INFO - [2026-06-05T12:45:13.229+0000] {dagbag.py:588} INFO - Filling up the DagBag from /opt/airflow/dags/team_TEMPLATE.py
[2026-06-05T12:45:13.233+0000] {logging_mixin.py:190} INFO - [2026-06-05T12:45:13.232+0000] {dagbag.py:387} ERROR - Failed to import: /opt/airflow/dags/team_TEMPLATE.py
Traceback (most recent call last):
  File "/home/airflow/.local/lib/python3.11/site-packages/airflow/models/dagbag.py", line 383, in parse
    loader.exec_module(new_module)
  File "<frozen importlib._bootstrap_external>", line 936, in exec_module
  File "<frozen importlib._bootstrap_external>", line 1074, in get_code
  File "<frozen importlib._bootstrap_external>", line 1004, in source_to_code
  File "<frozen importlib._bootstrap>", line 241, in _call_with_frames_removed
  File "/opt/airflow/dags/team_TEMPLATE.py", line 52
    ...
    ^^^
SyntaxError: invalid syntax
[2026-06-05T12:45:13.233+0000] {processor.py:927} WARNING - No viable dags retrieved from /opt/airflow/dags/team_TEMPLATE.py
[2026-06-05T12:45:13.255+0000] {processor.py:208} INFO - Processing /opt/airflow/dags/team_TEMPLATE.py took 0.041 seconds
[2026-06-05T12:45:43.395+0000] {processor.py:186} INFO - Started process (PID=448) to work on /opt/airflow/dags/team_TEMPLATE.py
[2026-06-05T12:45:43.398+0000] {processor.py:914} INFO - Processing file /opt/airflow/dags/team_TEMPLATE.py for tasks to queue
[2026-06-05T12:45:43.400+0000] {logging_mixin.py:190} INFO - [2026-06-05T12:45:43.400+0000] {dagbag.py:588} INFO - Filling up the DagBag from /opt/airflow/dags/team_TEMPLATE.py
[2026-06-05T12:45:43.403+0000] {logging_mixin.py:190} INFO - [2026-06-05T12:45:43.402+0000] {dagbag.py:387} ERROR - Failed to import: /opt/airflow/dags/team_TEMPLATE.py
Traceback (most recent call last):
  File "/home/airflow/.local/lib/python3.11/site-packages/airflow/models/dagbag.py", line 383, in parse
    loader.exec_module(new_module)
  File "<frozen importlib._bootstrap_external>", line 936, in exec_module
  File "<frozen importlib._bootstrap_external>", line 1074, in get_code
  File "<frozen importlib._bootstrap_external>", line 1004, in source_to_code
  File "<frozen importlib._bootstrap>", line 241, in _call_with_frames_removed
  File "/opt/airflow/dags/team_TEMPLATE.py", line 52
    ...
    ^^^
SyntaxError: invalid syntax
[2026-06-05T12:45:43.403+0000] {processor.py:927} WARNING - No viable dags retrieved from /opt/airflow/dags/team_TEMPLATE.py
[2026-06-05T12:45:43.423+0000] {processor.py:208} INFO - Processing /opt/airflow/dags/team_TEMPLATE.py took 0.033 seconds
[2026-06-05T12:46:13.546+0000] {processor.py:186} INFO - Started process (PID=463) to work on /opt/airflow/dags/team_TEMPLATE.py
[2026-06-05T12:46:13.554+0000] {processor.py:914} INFO - Processing file /opt/airflow/dags/team_TEMPLATE.py for tasks to queue
[2026-06-05T12:46:13.556+0000] {logging_mixin.py:190} INFO - [2026-06-05T12:46:13.556+0000] {dagbag.py:588} INFO - Filling up the DagBag from /opt/airflow/dags/team_TEMPLATE.py
[2026-06-05T12:46:13.559+0000] {logging_mixin.py:190} INFO - [2026-06-05T12:46:13.558+0000] {dagbag.py:387} ERROR - Failed to import: /opt/airflow/dags/team_TEMPLATE.py
Traceback (most recent call last):
  File "/home/airflow/.local/lib/python3.11/site-packages/airflow/models/dagbag.py", line 383, in parse
    loader.exec_module(new_module)
  File "<frozen importlib._bootstrap_external>", line 936, in exec_module
  File "<frozen importlib._bootstrap_external>", line 1074, in get_code
  File "<frozen importlib._bootstrap_external>", line 1004, in source_to_code
  File "<frozen importlib._bootstrap>", line 241, in _call_with_frames_removed
  File "/opt/airflow/dags/team_TEMPLATE.py", line 52
    ...
    ^^^
SyntaxError: invalid syntax
[2026-06-05T12:46:13.559+0000] {processor.py:927} WARNING - No viable dags retrieved from /opt/airflow/dags/team_TEMPLATE.py
[2026-06-05T12:46:13.579+0000] {processor.py:208} INFO - Processing /opt/airflow/dags/team_TEMPLATE.py took 0.038 seconds
[2026-06-05T12:46:43.745+0000] {processor.py:186} INFO - Started process (PID=499) to work on /opt/airflow/dags/team_TEMPLATE.py
[2026-06-05T12:46:43.754+0000] {processor.py:914} INFO - Processing file /opt/airflow/dags/team_TEMPLATE.py for tasks to queue
[2026-06-05T12:46:43.757+0000] {logging_mixin.py:190} INFO - [2026-06-05T12:46:43.757+0000] {dagbag.py:588} INFO - Filling up the DagBag from /opt/airflow/dags/team_TEMPLATE.py
[2026-06-05T12:46:43.761+0000] {logging_mixin.py:190} INFO - [2026-06-05T12:46:43.760+0000] {dagbag.py:387} ERROR - Failed to import: /opt/airflow/dags/team_TEMPLATE.py
Traceback (most recent call last):
  File "/home/airflow/.local/lib/python3.11/site-packages/airflow/models/dagbag.py", line 383, in parse
    loader.exec_module(new_module)
  File "<frozen importlib._bootstrap_external>", line 936, in exec_module
  File "<frozen importlib._bootstrap_external>", line 1074, in get_code
  File "<frozen importlib._bootstrap_external>", line 1004, in source_to_code
  File "<frozen importlib._bootstrap>", line 241, in _call_with_frames_removed
  File "/opt/airflow/dags/team_TEMPLATE.py", line 52
    ...
    ^^^
SyntaxError: invalid syntax
[2026-06-05T12:46:43.762+0000] {processor.py:927} WARNING - No viable dags retrieved from /opt/airflow/dags/team_TEMPLATE.py
[2026-06-05T12:46:43.788+0000] {processor.py:208} INFO - Processing /opt/airflow/dags/team_TEMPLATE.py took 0.050 seconds
[2026-06-05T12:47:13.951+0000] {processor.py:186} INFO - Started process (PID=514) to work on /opt/airflow/dags/team_TEMPLATE.py
[2026-06-05T12:47:13.959+0000] {processor.py:914} INFO - Processing file /opt/airflow/dags/team_TEMPLATE.py for tasks to queue
[2026-06-05T12:47:13.961+0000] {logging_mixin.py:190} INFO - [2026-06-05T12:47:13.961+0000] {dagbag.py:588} INFO - Filling up the DagBag from /opt/airflow/dags/team_TEMPLATE.py
[2026-06-05T12:47:13.964+0000] {logging_mixin.py:190} INFO - [2026-06-05T12:47:13.964+0000] {dagbag.py:387} ERROR - Failed to import: /opt/airflow/dags/team_TEMPLATE.py
Traceback (most recent call last):
  File "/home/airflow/.local/lib/python3.11/site-packages/airflow/models/dagbag.py", line 383, in parse
    loader.exec_module(new_module)
  File "<frozen importlib._bootstrap_external>", line 936, in exec_module
  File "<frozen importlib._bootstrap_external>", line 1074, in get_code
  File "<frozen importlib._bootstrap_external>", line 1004, in source_to_code
  File "<frozen importlib._bootstrap>", line 241, in _call_with_frames_removed
  File "/opt/airflow/dags/team_TEMPLATE.py", line 52
    ...
    ^^^
SyntaxError: invalid syntax
[2026-06-05T12:47:13.965+0000] {processor.py:927} WARNING - No viable dags retrieved from /opt/airflow/dags/team_TEMPLATE.py
[2026-06-05T12:47:13.988+0000] {processor.py:208} INFO - Processing /opt/airflow/dags/team_TEMPLATE.py took 0.042 seconds
[2026-06-05T12:47:44.128+0000] {processor.py:186} INFO - Started process (PID=529) to work on /opt/airflow/dags/team_TEMPLATE.py
[2026-06-05T12:47:44.136+0000] {processor.py:914} INFO - Processing file /opt/airflow/dags/team_TEMPLATE.py for tasks to queue
[2026-06-05T12:47:44.138+0000] {logging_mixin.py:190} INFO - [2026-06-05T12:47:44.138+0000] {dagbag.py:588} INFO - Filling up the DagBag from /opt/airflow/dags/team_TEMPLATE.py
[2026-06-05T12:47:44.140+0000] {logging_mixin.py:190} INFO - [2026-06-05T12:47:44.140+0000] {dagbag.py:387} ERROR - Failed to import: /opt/airflow/dags/team_TEMPLATE.py
Traceback (most recent call last):
  File "/home/airflow/.local/lib/python3.11/site-packages/airflow/models/dagbag.py", line 383, in parse
    loader.exec_module(new_module)
  File "<frozen importlib._bootstrap_external>", line 936, in exec_module
  File "<frozen importlib._bootstrap_external>", line 1074, in get_code
  File "<frozen importlib._bootstrap_external>", line 1004, in source_to_code
  File "<frozen importlib._bootstrap>", line 241, in _call_with_frames_removed
  File "/opt/airflow/dags/team_TEMPLATE.py", line 52
    ...
    ^^^
SyntaxError: invalid syntax
[2026-06-05T12:47:44.141+0000] {processor.py:927} WARNING - No viable dags retrieved from /opt/airflow/dags/team_TEMPLATE.py
[2026-06-05T12:47:44.160+0000] {processor.py:208} INFO - Processing /opt/airflow/dags/team_TEMPLATE.py took 0.037 seconds
[2026-06-05T12:48:14.299+0000] {processor.py:186} INFO - Started process (PID=544) to work on /opt/airflow/dags/team_TEMPLATE.py
[2026-06-05T12:48:14.307+0000] {processor.py:914} INFO - Processing file /opt/airflow/dags/team_TEMPLATE.py for tasks to queue
[2026-06-05T12:48:14.309+0000] {logging_mixin.py:190} INFO - [2026-06-05T12:48:14.309+0000] {dagbag.py:588} INFO - Filling up the DagBag from /opt/airflow/dags/team_TEMPLATE.py
[2026-06-05T12:48:14.312+0000] {logging_mixin.py:190} INFO - [2026-06-05T12:48:14.311+0000] {dagbag.py:387} ERROR - Failed to import: /opt/airflow/dags/team_TEMPLATE.py
Traceback (most recent call last):
  File "/home/airflow/.local/lib/python3.11/site-packages/airflow/models/dagbag.py", line 383, in parse
    loader.exec_module(new_module)
  File "<frozen importlib._bootstrap_external>", line 936, in exec_module
  File "<frozen importlib._bootstrap_external>", line 1074, in get_code
  File "<frozen importlib._bootstrap_external>", line 1004, in source_to_code
  File "<frozen importlib._bootstrap>", line 241, in _call_with_frames_removed
  File "/opt/airflow/dags/team_TEMPLATE.py", line 52
    ...
    ^^^
SyntaxError: invalid syntax
[2026-06-05T12:48:14.313+0000] {processor.py:927} WARNING - No viable dags retrieved from /opt/airflow/dags/team_TEMPLATE.py
[2026-06-05T12:48:14.333+0000] {processor.py:208} INFO - Processing /opt/airflow/dags/team_TEMPLATE.py took 0.040 seconds
[2026-06-05T12:48:44.473+0000] {processor.py:186} INFO - Started process (PID=559) to work on /opt/airflow/dags/team_TEMPLATE.py
[2026-06-05T12:48:44.481+0000] {processor.py:914} INFO - Processing file /opt/airflow/dags/team_TEMPLATE.py for tasks to queue
[2026-06-05T12:48:44.484+0000] {logging_mixin.py:190} INFO - [2026-06-05T12:48:44.483+0000] {dagbag.py:588} INFO - Filling up the DagBag from /opt/airflow/dags/team_TEMPLATE.py
[2026-06-05T12:48:44.486+0000] {logging_mixin.py:190} INFO - [2026-06-05T12:48:44.486+0000] {dagbag.py:387} ERROR - Failed to import: /opt/airflow/dags/team_TEMPLATE.py
Traceback (most recent call last):
  File "/home/airflow/.local/lib/python3.11/site-packages/airflow/models/dagbag.py", line 383, in parse
    loader.exec_module(new_module)
  File "<frozen importlib._bootstrap_external>", line 936, in exec_module
  File "<frozen importlib._bootstrap_external>", line 1074, in get_code
  File "<frozen importlib._bootstrap_external>", line 1004, in source_to_code
  File "<frozen importlib._bootstrap>", line 241, in _call_with_frames_removed
  File "/opt/airflow/dags/team_TEMPLATE.py", line 52
    ...
    ^^^
SyntaxError: invalid syntax
[2026-06-05T12:48:44.487+0000] {processor.py:927} WARNING - No viable dags retrieved from /opt/airflow/dags/team_TEMPLATE.py
[2026-06-05T12:48:44.507+0000] {processor.py:208} INFO - Processing /opt/airflow/dags/team_TEMPLATE.py took 0.039 seconds
[2026-06-05T12:50:08.391+0000] {processor.py:186} INFO - Started process (PID=60) to work on /opt/airflow/dags/team_TEMPLATE.py
[2026-06-05T12:50:08.392+0000] {processor.py:914} INFO - Processing file /opt/airflow/dags/team_TEMPLATE.py for tasks to queue
[2026-06-05T12:50:08.396+0000] {logging_mixin.py:190} INFO - [2026-06-05T12:50:08.395+0000] {dagbag.py:588} INFO - Filling up the DagBag from /opt/airflow/dags/team_TEMPLATE.py
[2026-06-05T12:50:08.401+0000] {logging_mixin.py:190} INFO - [2026-06-05T12:50:08.399+0000] {dagbag.py:387} ERROR - Failed to import: /opt/airflow/dags/team_TEMPLATE.py
Traceback (most recent call last):
  File "/home/airflow/.local/lib/python3.11/site-packages/airflow/models/dagbag.py", line 383, in parse
    loader.exec_module(new_module)
  File "<frozen importlib._bootstrap_external>", line 936, in exec_module
  File "<frozen importlib._bootstrap_external>", line 1074, in get_code
  File "<frozen importlib._bootstrap_external>", line 1004, in source_to_code
  File "<frozen importlib._bootstrap>", line 241, in _call_with_frames_removed
  File "/opt/airflow/dags/team_TEMPLATE.py", line 52
    ...
    ^^^
SyntaxError: invalid syntax
[2026-06-05T12:50:08.402+0000] {processor.py:927} WARNING - No viable dags retrieved from /opt/airflow/dags/team_TEMPLATE.py
[2026-06-05T12:50:08.439+0000] {processor.py:208} INFO - Processing /opt/airflow/dags/team_TEMPLATE.py took 0.057 seconds
[2026-06-05T12:50:38.581+0000] {processor.py:186} INFO - Started process (PID=74) to work on /opt/airflow/dags/team_TEMPLATE.py
[2026-06-05T12:50:38.590+0000] {processor.py:914} INFO - Processing file /opt/airflow/dags/team_TEMPLATE.py for tasks to queue
[2026-06-05T12:50:38.596+0000] {logging_mixin.py:190} INFO - [2026-06-05T12:50:38.595+0000] {dagbag.py:588} INFO - Filling up the DagBag from /opt/airflow/dags/team_TEMPLATE.py
[2026-06-05T12:50:38.605+0000] {logging_mixin.py:190} INFO - [2026-06-05T12:50:38.602+0000] {dagbag.py:387} ERROR - Failed to import: /opt/airflow/dags/team_TEMPLATE.py
Traceback (most recent call last):
  File "/home/airflow/.local/lib/python3.11/site-packages/airflow/models/dagbag.py", line 383, in parse
    loader.exec_module(new_module)
  File "<frozen importlib._bootstrap_external>", line 936, in exec_module
  File "<frozen importlib._bootstrap_external>", line 1074, in get_code
  File "<frozen importlib._bootstrap_external>", line 1004, in source_to_code
  File "<frozen importlib._bootstrap>", line 241, in _call_with_frames_removed
  File "/opt/airflow/dags/team_TEMPLATE.py", line 52
    ...
    ^^^
SyntaxError: invalid syntax
[2026-06-05T12:50:38.607+0000] {processor.py:927} WARNING - No viable dags retrieved from /opt/airflow/dags/team_TEMPLATE.py
[2026-06-05T12:50:38.644+0000] {processor.py:208} INFO - Processing /opt/airflow/dags/team_TEMPLATE.py took 0.068 seconds
[2026-06-05T12:51:08.774+0000] {processor.py:186} INFO - Started process (PID=89) to work on /opt/airflow/dags/team_TEMPLATE.py
[2026-06-05T12:51:08.782+0000] {processor.py:914} INFO - Processing file /opt/airflow/dags/team_TEMPLATE.py for tasks to queue
[2026-06-05T12:51:08.784+0000] {logging_mixin.py:190} INFO - [2026-06-05T12:51:08.784+0000] {dagbag.py:588} INFO - Filling up the DagBag from /opt/airflow/dags/team_TEMPLATE.py
[2026-06-05T12:51:08.786+0000] {logging_mixin.py:190} INFO - [2026-06-05T12:51:08.786+0000] {dagbag.py:387} ERROR - Failed to import: /opt/airflow/dags/team_TEMPLATE.py
Traceback (most recent call last):
  File "/home/airflow/.local/lib/python3.11/site-packages/airflow/models/dagbag.py", line 383, in parse
    loader.exec_module(new_module)
  File "<frozen importlib._bootstrap_external>", line 936, in exec_module
  File "<frozen importlib._bootstrap_external>", line 1074, in get_code
  File "<frozen importlib._bootstrap_external>", line 1004, in source_to_code
  File "<frozen importlib._bootstrap>", line 241, in _call_with_frames_removed
  File "/opt/airflow/dags/team_TEMPLATE.py", line 52
    ...
    ^^^
SyntaxError: invalid syntax
[2026-06-05T12:51:08.787+0000] {processor.py:927} WARNING - No viable dags retrieved from /opt/airflow/dags/team_TEMPLATE.py
[2026-06-05T12:51:08.804+0000] {processor.py:208} INFO - Processing /opt/airflow/dags/team_TEMPLATE.py took 0.035 seconds
[2026-06-05T12:51:38.936+0000] {processor.py:186} INFO - Started process (PID=104) to work on /opt/airflow/dags/team_TEMPLATE.py
[2026-06-05T12:51:38.937+0000] {processor.py:914} INFO - Processing file /opt/airflow/dags/team_TEMPLATE.py for tasks to queue
[2026-06-05T12:51:38.938+0000] {logging_mixin.py:190} INFO - [2026-06-05T12:51:38.938+0000] {dagbag.py:588} INFO - Filling up the DagBag from /opt/airflow/dags/team_TEMPLATE.py
[2026-06-05T12:51:38.941+0000] {logging_mixin.py:190} INFO - [2026-06-05T12:51:38.940+0000] {dagbag.py:387} ERROR - Failed to import: /opt/airflow/dags/team_TEMPLATE.py
Traceback (most recent call last):
  File "/home/airflow/.local/lib/python3.11/site-packages/airflow/models/dagbag.py", line 383, in parse
    loader.exec_module(new_module)
  File "<frozen importlib._bootstrap_external>", line 936, in exec_module
  File "<frozen importlib._bootstrap_external>", line 1074, in get_code
  File "<frozen importlib._bootstrap_external>", line 1004, in source_to_code
  File "<frozen importlib._bootstrap>", line 241, in _call_with_frames_removed
  File "/opt/airflow/dags/team_TEMPLATE.py", line 52
    ...
    ^^^
SyntaxError: invalid syntax
[2026-06-05T12:51:38.941+0000] {processor.py:927} WARNING - No viable dags retrieved from /opt/airflow/dags/team_TEMPLATE.py
[2026-06-05T12:51:38.961+0000] {processor.py:208} INFO - Processing /opt/airflow/dags/team_TEMPLATE.py took 0.030 seconds
[2026-06-05T12:52:09.087+0000] {processor.py:186} INFO - Started process (PID=119) to work on /opt/airflow/dags/team_TEMPLATE.py
[2026-06-05T12:52:09.088+0000] {processor.py:914} INFO - Processing file /opt/airflow/dags/team_TEMPLATE.py for tasks to queue
[2026-06-05T12:52:09.090+0000] {logging_mixin.py:190} INFO - [2026-06-05T12:52:09.089+0000] {dagbag.py:588} INFO - Filling up the DagBag from /opt/airflow/dags/team_TEMPLATE.py
[2026-06-05T12:52:09.092+0000] {logging_mixin.py:190} INFO - [2026-06-05T12:52:09.092+0000] {dagbag.py:387} ERROR - Failed to import: /opt/airflow/dags/team_TEMPLATE.py
Traceback (most recent call last):
  File "/home/airflow/.local/lib/python3.11/site-packages/airflow/models/dagbag.py", line 383, in parse
    loader.exec_module(new_module)
  File "<frozen importlib._bootstrap_external>", line 936, in exec_module
  File "<frozen importlib._bootstrap_external>", line 1074, in get_code
  File "<frozen importlib._bootstrap_external>", line 1004, in source_to_code
  File "<frozen importlib._bootstrap>", line 241, in _call_with_frames_removed
  File "/opt/airflow/dags/team_TEMPLATE.py", line 52
    ...
    ^^^
SyntaxError: invalid syntax
[2026-06-05T12:52:09.093+0000] {processor.py:927} WARNING - No viable dags retrieved from /opt/airflow/dags/team_TEMPLATE.py
[2026-06-05T12:52:09.112+0000] {processor.py:208} INFO - Processing /opt/airflow/dags/team_TEMPLATE.py took 0.030 seconds
[2026-06-05T12:52:39.251+0000] {processor.py:186} INFO - Started process (PID=134) to work on /opt/airflow/dags/team_TEMPLATE.py
[2026-06-05T12:52:39.260+0000] {processor.py:914} INFO - Processing file /opt/airflow/dags/team_TEMPLATE.py for tasks to queue
[2026-06-05T12:52:39.261+0000] {logging_mixin.py:190} INFO - [2026-06-05T12:52:39.261+0000] {dagbag.py:588} INFO - Filling up the DagBag from /opt/airflow/dags/team_TEMPLATE.py
[2026-06-05T12:52:39.264+0000] {logging_mixin.py:190} INFO - [2026-06-05T12:52:39.263+0000] {dagbag.py:387} ERROR - Failed to import: /opt/airflow/dags/team_TEMPLATE.py
Traceback (most recent call last):
  File "/home/airflow/.local/lib/python3.11/site-packages/airflow/models/dagbag.py", line 383, in parse
    loader.exec_module(new_module)
  File "<frozen importlib._bootstrap_external>", line 936, in exec_module
  File "<frozen importlib._bootstrap_external>", line 1074, in get_code
  File "<frozen importlib._bootstrap_external>", line 1004, in source_to_code
  File "<frozen importlib._bootstrap>", line 241, in _call_with_frames_removed
  File "/opt/airflow/dags/team_TEMPLATE.py", line 52
    ...
    ^^^
SyntaxError: invalid syntax
[2026-06-05T12:52:39.265+0000] {processor.py:927} WARNING - No viable dags retrieved from /opt/airflow/dags/team_TEMPLATE.py
[2026-06-05T12:52:39.285+0000] {processor.py:208} INFO - Processing /opt/airflow/dags/team_TEMPLATE.py took 0.039 seconds
[2026-06-05T12:53:09.441+0000] {processor.py:186} INFO - Started process (PID=183) to work on /opt/airflow/dags/team_TEMPLATE.py
[2026-06-05T12:53:09.449+0000] {processor.py:914} INFO - Processing file /opt/airflow/dags/team_TEMPLATE.py for tasks to queue
[2026-06-05T12:53:09.450+0000] {logging_mixin.py:190} INFO - [2026-06-05T12:53:09.450+0000] {dagbag.py:588} INFO - Filling up the DagBag from /opt/airflow/dags/team_TEMPLATE.py
[2026-06-05T12:53:09.454+0000] {logging_mixin.py:190} INFO - [2026-06-05T12:53:09.452+0000] {dagbag.py:387} ERROR - Failed to import: /opt/airflow/dags/team_TEMPLATE.py
Traceback (most recent call last):
  File "/home/airflow/.local/lib/python3.11/site-packages/airflow/models/dagbag.py", line 383, in parse
    loader.exec_module(new_module)
  File "<frozen importlib._bootstrap_external>", line 936, in exec_module
  File "<frozen importlib._bootstrap_external>", line 1074, in get_code
  File "<frozen importlib._bootstrap_external>", line 1004, in source_to_code
  File "<frozen importlib._bootstrap>", line 241, in _call_with_frames_removed
  File "/opt/airflow/dags/team_TEMPLATE.py", line 52
    ...
    ^^^
SyntaxError: invalid syntax
[2026-06-05T12:53:09.454+0000] {processor.py:927} WARNING - No viable dags retrieved from /opt/airflow/dags/team_TEMPLATE.py
[2026-06-05T12:53:09.473+0000] {processor.py:208} INFO - Processing /opt/airflow/dags/team_TEMPLATE.py took 0.038 seconds
[2026-06-05T12:53:39.628+0000] {processor.py:186} INFO - Started process (PID=206) to work on /opt/airflow/dags/team_TEMPLATE.py
[2026-06-05T12:53:39.637+0000] {processor.py:914} INFO - Processing file /opt/airflow/dags/team_TEMPLATE.py for tasks to queue
[2026-06-05T12:53:39.640+0000] {logging_mixin.py:190} INFO - [2026-06-05T12:53:39.640+0000] {dagbag.py:588} INFO - Filling up the DagBag from /opt/airflow/dags/team_TEMPLATE.py
[2026-06-05T12:53:39.644+0000] {logging_mixin.py:190} INFO - [2026-06-05T12:53:39.642+0000] {dagbag.py:387} ERROR - Failed to import: /opt/airflow/dags/team_TEMPLATE.py
Traceback (most recent call last):
  File "/home/airflow/.local/lib/python3.11/site-packages/airflow/models/dagbag.py", line 383, in parse
    loader.exec_module(new_module)
  File "<frozen importlib._bootstrap_external>", line 936, in exec_module
  File "<frozen importlib._bootstrap_external>", line 1074, in get_code
  File "<frozen importlib._bootstrap_external>", line 1004, in source_to_code
  File "<frozen importlib._bootstrap>", line 241, in _call_with_frames_removed
  File "/opt/airflow/dags/team_TEMPLATE.py", line 52
    ...
    ^^^
SyntaxError: invalid syntax
[2026-06-05T12:53:39.645+0000] {processor.py:927} WARNING - No viable dags retrieved from /opt/airflow/dags/team_TEMPLATE.py
[2026-06-05T12:53:39.670+0000] {processor.py:208} INFO - Processing /opt/airflow/dags/team_TEMPLATE.py took 0.046 seconds
[2026-06-05T12:54:09.891+0000] {processor.py:186} INFO - Started process (PID=242) to work on /opt/airflow/dags/team_TEMPLATE.py
[2026-06-05T12:54:09.901+0000] {processor.py:914} INFO - Processing file /opt/airflow/dags/team_TEMPLATE.py for tasks to queue
[2026-06-05T12:54:09.904+0000] {logging_mixin.py:190} INFO - [2026-06-05T12:54:09.904+0000] {dagbag.py:588} INFO - Filling up the DagBag from /opt/airflow/dags/team_TEMPLATE.py
[2026-06-05T12:54:09.910+0000] {logging_mixin.py:190} INFO - [2026-06-05T12:54:09.908+0000] {dagbag.py:387} ERROR - Failed to import: /opt/airflow/dags/team_TEMPLATE.py
Traceback (most recent call last):
  File "/home/airflow/.local/lib/python3.11/site-packages/airflow/models/dagbag.py", line 383, in parse
    loader.exec_module(new_module)
  File "<frozen importlib._bootstrap_external>", line 936, in exec_module
  File "<frozen importlib._bootstrap_external>", line 1074, in get_code
  File "<frozen importlib._bootstrap_external>", line 1004, in source_to_code
  File "<frozen importlib._bootstrap>", line 241, in _call_with_frames_removed
  File "/opt/airflow/dags/team_TEMPLATE.py", line 52
    ...
    ^^^
SyntaxError: invalid syntax
[2026-06-05T12:54:09.911+0000] {processor.py:927} WARNING - No viable dags retrieved from /opt/airflow/dags/team_TEMPLATE.py
[2026-06-05T12:54:09.952+0000] {processor.py:208} INFO - Processing /opt/airflow/dags/team_TEMPLATE.py took 0.076 seconds
[2026-06-05T12:54:40.175+0000] {processor.py:186} INFO - Started process (PID=257) to work on /opt/airflow/dags/team_TEMPLATE.py
[2026-06-05T12:54:40.183+0000] {processor.py:914} INFO - Processing file /opt/airflow/dags/team_TEMPLATE.py for tasks to queue
[2026-06-05T12:54:40.185+0000] {logging_mixin.py:190} INFO - [2026-06-05T12:54:40.185+0000] {dagbag.py:588} INFO - Filling up the DagBag from /opt/airflow/dags/team_TEMPLATE.py
[2026-06-05T12:54:40.188+0000] {logging_mixin.py:190} INFO - [2026-06-05T12:54:40.187+0000] {dagbag.py:387} ERROR - Failed to import: /opt/airflow/dags/team_TEMPLATE.py
Traceback (most recent call last):
  File "/home/airflow/.local/lib/python3.11/site-packages/airflow/models/dagbag.py", line 383, in parse
    loader.exec_module(new_module)
  File "<frozen importlib._bootstrap_external>", line 936, in exec_module
  File "<frozen importlib._bootstrap_external>", line 1074, in get_code
  File "<frozen importlib._bootstrap_external>", line 1004, in source_to_code
  File "<frozen importlib._bootstrap>", line 241, in _call_with_frames_removed
  File "/opt/airflow/dags/team_TEMPLATE.py", line 52
    ...
    ^^^
SyntaxError: invalid syntax
[2026-06-05T12:54:40.189+0000] {processor.py:927} WARNING - No viable dags retrieved from /opt/airflow/dags/team_TEMPLATE.py
[2026-06-05T12:54:40.212+0000] {processor.py:208} INFO - Processing /opt/airflow/dags/team_TEMPLATE.py took 0.043 seconds
[2026-06-05T12:55:10.358+0000] {processor.py:186} INFO - Started process (PID=286) to work on /opt/airflow/dags/team_TEMPLATE.py
[2026-06-05T12:55:10.359+0000] {processor.py:914} INFO - Processing file /opt/airflow/dags/team_TEMPLATE.py for tasks to queue
[2026-06-05T12:55:10.361+0000] {logging_mixin.py:190} INFO - [2026-06-05T12:55:10.361+0000] {dagbag.py:588} INFO - Filling up the DagBag from /opt/airflow/dags/team_TEMPLATE.py
[2026-06-05T12:55:10.364+0000] {logging_mixin.py:190} INFO - [2026-06-05T12:55:10.363+0000] {dagbag.py:387} ERROR - Failed to import: /opt/airflow/dags/team_TEMPLATE.py
Traceback (most recent call last):
  File "/home/airflow/.local/lib/python3.11/site-packages/airflow/models/dagbag.py", line 383, in parse
    loader.exec_module(new_module)
  File "<frozen importlib._bootstrap_external>", line 936, in exec_module
  File "<frozen importlib._bootstrap_external>", line 1074, in get_code
  File "<frozen importlib._bootstrap_external>", line 1004, in source_to_code
  File "<frozen importlib._bootstrap>", line 241, in _call_with_frames_removed
  File "/opt/airflow/dags/team_TEMPLATE.py", line 52
    ...
    ^^^
SyntaxError: invalid syntax
[2026-06-05T12:55:10.364+0000] {processor.py:927} WARNING - No viable dags retrieved from /opt/airflow/dags/team_TEMPLATE.py
[2026-06-05T12:55:10.384+0000] {processor.py:208} INFO - Processing /opt/airflow/dags/team_TEMPLATE.py took 0.031 seconds
[2026-06-05T12:55:40.532+0000] {processor.py:186} INFO - Started process (PID=322) to work on /opt/airflow/dags/team_TEMPLATE.py
[2026-06-05T12:55:40.533+0000] {processor.py:914} INFO - Processing file /opt/airflow/dags/team_TEMPLATE.py for tasks to queue
[2026-06-05T12:55:40.535+0000] {logging_mixin.py:190} INFO - [2026-06-05T12:55:40.535+0000] {dagbag.py:588} INFO - Filling up the DagBag from /opt/airflow/dags/team_TEMPLATE.py
[2026-06-05T12:55:40.539+0000] {logging_mixin.py:190} INFO - [2026-06-05T12:55:40.538+0000] {dagbag.py:387} ERROR - Failed to import: /opt/airflow/dags/team_TEMPLATE.py
Traceback (most recent call last):
  File "/home/airflow/.local/lib/python3.11/site-packages/airflow/models/dagbag.py", line 383, in parse
    loader.exec_module(new_module)
  File "<frozen importlib._bootstrap_external>", line 936, in exec_module
  File "<frozen importlib._bootstrap_external>", line 1074, in get_code
  File "<frozen importlib._bootstrap_external>", line 1004, in source_to_code
  File "<frozen importlib._bootstrap>", line 241, in _call_with_frames_removed
  File "/opt/airflow/dags/team_TEMPLATE.py", line 52
    ...
    ^^^
SyntaxError: invalid syntax
[2026-06-05T12:55:40.539+0000] {processor.py:927} WARNING - No viable dags retrieved from /opt/airflow/dags/team_TEMPLATE.py
[2026-06-05T12:55:40.567+0000] {processor.py:208} INFO - Processing /opt/airflow/dags/team_TEMPLATE.py took 0.041 seconds
[2026-06-05T12:56:10.726+0000] {processor.py:186} INFO - Started process (PID=337) to work on /opt/airflow/dags/team_TEMPLATE.py
[2026-06-05T12:56:10.726+0000] {processor.py:914} INFO - Processing file /opt/airflow/dags/team_TEMPLATE.py for tasks to queue
[2026-06-05T12:56:10.728+0000] {logging_mixin.py:190} INFO - [2026-06-05T12:56:10.728+0000] {dagbag.py:588} INFO - Filling up the DagBag from /opt/airflow/dags/team_TEMPLATE.py
[2026-06-05T12:56:10.731+0000] {logging_mixin.py:190} INFO - [2026-06-05T12:56:10.730+0000] {dagbag.py:387} ERROR - Failed to import: /opt/airflow/dags/team_TEMPLATE.py
Traceback (most recent call last):
  File "/home/airflow/.local/lib/python3.11/site-packages/airflow/models/dagbag.py", line 383, in parse
    loader.exec_module(new_module)
  File "<frozen importlib._bootstrap_external>", line 936, in exec_module
  File "<frozen importlib._bootstrap_external>", line 1074, in get_code
  File "<frozen importlib._bootstrap_external>", line 1004, in source_to_code
  File "<frozen importlib._bootstrap>", line 241, in _call_with_frames_removed
  File "/opt/airflow/dags/team_TEMPLATE.py", line 52
    ...
    ^^^
SyntaxError: invalid syntax
[2026-06-05T12:56:10.732+0000] {processor.py:927} WARNING - No viable dags retrieved from /opt/airflow/dags/team_TEMPLATE.py
[2026-06-05T12:56:10.752+0000] {processor.py:208} INFO - Processing /opt/airflow/dags/team_TEMPLATE.py took 0.031 seconds
[2026-06-05T12:56:40.923+0000] {processor.py:186} INFO - Started process (PID=352) to work on /opt/airflow/dags/team_TEMPLATE.py
[2026-06-05T12:56:40.931+0000] {processor.py:914} INFO - Processing file /opt/airflow/dags/team_TEMPLATE.py for tasks to queue
[2026-06-05T12:56:40.934+0000] {logging_mixin.py:190} INFO - [2026-06-05T12:56:40.933+0000] {dagbag.py:588} INFO - Filling up the DagBag from /opt/airflow/dags/team_TEMPLATE.py
[2026-06-05T12:56:40.937+0000] {logging_mixin.py:190} INFO - [2026-06-05T12:56:40.936+0000] {dagbag.py:387} ERROR - Failed to import: /opt/airflow/dags/team_TEMPLATE.py
Traceback (most recent call last):
  File "/home/airflow/.local/lib/python3.11/site-packages/airflow/models/dagbag.py", line 383, in parse
    loader.exec_module(new_module)
  File "<frozen importlib._bootstrap_external>", line 936, in exec_module
  File "<frozen importlib._bootstrap_external>", line 1074, in get_code
  File "<frozen importlib._bootstrap_external>", line 1004, in source_to_code
  File "<frozen importlib._bootstrap>", line 241, in _call_with_frames_removed
  File "/opt/airflow/dags/team_TEMPLATE.py", line 52
    ...
    ^^^
SyntaxError: invalid syntax
[2026-06-05T12:56:40.937+0000] {processor.py:927} WARNING - No viable dags retrieved from /opt/airflow/dags/team_TEMPLATE.py
[2026-06-05T12:56:40.958+0000] {processor.py:208} INFO - Processing /opt/airflow/dags/team_TEMPLATE.py took 0.048 seconds
[2026-06-05T12:57:11.110+0000] {processor.py:186} INFO - Started process (PID=367) to work on /opt/airflow/dags/team_TEMPLATE.py
[2026-06-05T12:57:11.118+0000] {processor.py:914} INFO - Processing file /opt/airflow/dags/team_TEMPLATE.py for tasks to queue
[2026-06-05T12:57:11.120+0000] {logging_mixin.py:190} INFO - [2026-06-05T12:57:11.120+0000] {dagbag.py:588} INFO - Filling up the DagBag from /opt/airflow/dags/team_TEMPLATE.py
[2026-06-05T12:57:11.123+0000] {logging_mixin.py:190} INFO - [2026-06-05T12:57:11.122+0000] {dagbag.py:387} ERROR - Failed to import: /opt/airflow/dags/team_TEMPLATE.py
Traceback (most recent call last):
  File "/home/airflow/.local/lib/python3.11/site-packages/airflow/models/dagbag.py", line 383, in parse
    loader.exec_module(new_module)
  File "<frozen importlib._bootstrap_external>", line 936, in exec_module
  File "<frozen importlib._bootstrap_external>", line 1074, in get_code
  File "<frozen importlib._bootstrap_external>", line 1004, in source_to_code
  File "<frozen importlib._bootstrap>", line 241, in _call_with_frames_removed
  File "/opt/airflow/dags/team_TEMPLATE.py", line 52
    ...
    ^^^
SyntaxError: invalid syntax
[2026-06-05T12:57:11.123+0000] {processor.py:927} WARNING - No viable dags retrieved from /opt/airflow/dags/team_TEMPLATE.py
[2026-06-05T12:57:11.146+0000] {processor.py:208} INFO - Processing /opt/airflow/dags/team_TEMPLATE.py took 0.040 seconds
[2026-06-05T12:57:41.297+0000] {processor.py:186} INFO - Started process (PID=382) to work on /opt/airflow/dags/team_TEMPLATE.py
[2026-06-05T12:57:41.305+0000] {processor.py:914} INFO - Processing file /opt/airflow/dags/team_TEMPLATE.py for tasks to queue
[2026-06-05T12:57:41.307+0000] {logging_mixin.py:190} INFO - [2026-06-05T12:57:41.307+0000] {dagbag.py:588} INFO - Filling up the DagBag from /opt/airflow/dags/team_TEMPLATE.py
[2026-06-05T12:57:41.310+0000] {logging_mixin.py:190} INFO - [2026-06-05T12:57:41.309+0000] {dagbag.py:387} ERROR - Failed to import: /opt/airflow/dags/team_TEMPLATE.py
Traceback (most recent call last):
  File "/home/airflow/.local/lib/python3.11/site-packages/airflow/models/dagbag.py", line 383, in parse
    loader.exec_module(new_module)
  File "<frozen importlib._bootstrap_external>", line 936, in exec_module
  File "<frozen importlib._bootstrap_external>", line 1074, in get_code
  File "<frozen importlib._bootstrap_external>", line 1004, in source_to_code
  File "<frozen importlib._bootstrap>", line 241, in _call_with_frames_removed
  File "/opt/airflow/dags/team_TEMPLATE.py", line 52
    ...
    ^^^
SyntaxError: invalid syntax
[2026-06-05T12:57:41.311+0000] {processor.py:927} WARNING - No viable dags retrieved from /opt/airflow/dags/team_TEMPLATE.py
[2026-06-05T12:57:41.330+0000] {processor.py:208} INFO - Processing /opt/airflow/dags/team_TEMPLATE.py took 0.038 seconds
[2026-06-05T12:58:11.456+0000] {processor.py:186} INFO - Started process (PID=397) to work on /opt/airflow/dags/team_TEMPLATE.py
[2026-06-05T12:58:11.464+0000] {processor.py:914} INFO - Processing file /opt/airflow/dags/team_TEMPLATE.py for tasks to queue
[2026-06-05T12:58:11.466+0000] {logging_mixin.py:190} INFO - [2026-06-05T12:58:11.466+0000] {dagbag.py:588} INFO - Filling up the DagBag from /opt/airflow/dags/team_TEMPLATE.py
[2026-06-05T12:58:11.469+0000] {logging_mixin.py:190} INFO - [2026-06-05T12:58:11.468+0000] {dagbag.py:387} ERROR - Failed to import: /opt/airflow/dags/team_TEMPLATE.py
Traceback (most recent call last):
  File "/home/airflow/.local/lib/python3.11/site-packages/airflow/models/dagbag.py", line 383, in parse
    loader.exec_module(new_module)
  File "<frozen importlib._bootstrap_external>", line 936, in exec_module
  File "<frozen importlib._bootstrap_external>", line 1074, in get_code
  File "<frozen importlib._bootstrap_external>", line 1004, in source_to_code
  File "<frozen importlib._bootstrap>", line 241, in _call_with_frames_removed
  File "/opt/airflow/dags/team_TEMPLATE.py", line 52
    ...
    ^^^
SyntaxError: invalid syntax
[2026-06-05T12:58:11.470+0000] {processor.py:927} WARNING - No viable dags retrieved from /opt/airflow/dags/team_TEMPLATE.py
[2026-06-05T12:58:11.490+0000] {processor.py:208} INFO - Processing /opt/airflow/dags/team_TEMPLATE.py took 0.039 seconds
[2026-06-05T12:58:41.612+0000] {processor.py:186} INFO - Started process (PID=412) to work on /opt/airflow/dags/team_TEMPLATE.py
[2026-06-05T12:58:41.620+0000] {processor.py:914} INFO - Processing file /opt/airflow/dags/team_TEMPLATE.py for tasks to queue
[2026-06-05T12:58:41.622+0000] {logging_mixin.py:190} INFO - [2026-06-05T12:58:41.622+0000] {dagbag.py:588} INFO - Filling up the DagBag from /opt/airflow/dags/team_TEMPLATE.py
[2026-06-05T12:58:41.625+0000] {logging_mixin.py:190} INFO - [2026-06-05T12:58:41.624+0000] {dagbag.py:387} ERROR - Failed to import: /opt/airflow/dags/team_TEMPLATE.py
Traceback (most recent call last):
  File "/home/airflow/.local/lib/python3.11/site-packages/airflow/models/dagbag.py", line 383, in parse
    loader.exec_module(new_module)
  File "<frozen importlib._bootstrap_external>", line 936, in exec_module
  File "<frozen importlib._bootstrap_external>", line 1074, in get_code
  File "<frozen importlib._bootstrap_external>", line 1004, in source_to_code
  File "<frozen importlib._bootstrap>", line 241, in _call_with_frames_removed
  File "/opt/airflow/dags/team_TEMPLATE.py", line 52
    ...
    ^^^
SyntaxError: invalid syntax
[2026-06-05T12:58:41.625+0000] {processor.py:927} WARNING - No viable dags retrieved from /opt/airflow/dags/team_TEMPLATE.py
[2026-06-05T12:58:41.645+0000] {processor.py:208} INFO - Processing /opt/airflow/dags/team_TEMPLATE.py took 0.038 seconds
[2026-06-05T12:59:11.779+0000] {processor.py:186} INFO - Started process (PID=427) to work on /opt/airflow/dags/team_TEMPLATE.py
[2026-06-05T12:59:11.788+0000] {processor.py:914} INFO - Processing file /opt/airflow/dags/team_TEMPLATE.py for tasks to queue
[2026-06-05T12:59:11.790+0000] {logging_mixin.py:190} INFO - [2026-06-05T12:59:11.790+0000] {dagbag.py:588} INFO - Filling up the DagBag from /opt/airflow/dags/team_TEMPLATE.py
[2026-06-05T12:59:11.793+0000] {logging_mixin.py:190} INFO - [2026-06-05T12:59:11.792+0000] {dagbag.py:387} ERROR - Failed to import: /opt/airflow/dags/team_TEMPLATE.py
Traceback (most recent call last):
  File "/home/airflow/.local/lib/python3.11/site-packages/airflow/models/dagbag.py", line 383, in parse
    loader.exec_module(new_module)
  File "<frozen importlib._bootstrap_external>", line 936, in exec_module
  File "<frozen importlib._bootstrap_external>", line 1074, in get_code
  File "<frozen importlib._bootstrap_external>", line 1004, in source_to_code
  File "<frozen importlib._bootstrap>", line 241, in _call_with_frames_removed
  File "/opt/airflow/dags/team_TEMPLATE.py", line 52
    ...
    ^^^
SyntaxError: invalid syntax
[2026-06-05T12:59:11.794+0000] {processor.py:927} WARNING - No viable dags retrieved from /opt/airflow/dags/team_TEMPLATE.py
[2026-06-05T12:59:11.816+0000] {processor.py:208} INFO - Processing /opt/airflow/dags/team_TEMPLATE.py took 0.042 seconds
[2026-06-05T12:59:41.946+0000] {processor.py:186} INFO - Started process (PID=448) to work on /opt/airflow/dags/team_TEMPLATE.py
[2026-06-05T12:59:41.954+0000] {processor.py:914} INFO - Processing file /opt/airflow/dags/team_TEMPLATE.py for tasks to queue
[2026-06-05T12:59:41.956+0000] {logging_mixin.py:190} INFO - [2026-06-05T12:59:41.956+0000] {dagbag.py:588} INFO - Filling up the DagBag from /opt/airflow/dags/team_TEMPLATE.py
[2026-06-05T12:59:41.959+0000] {logging_mixin.py:190} INFO - [2026-06-05T12:59:41.958+0000] {dagbag.py:387} ERROR - Failed to import: /opt/airflow/dags/team_TEMPLATE.py
Traceback (most recent call last):
  File "/home/airflow/.local/lib/python3.11/site-packages/airflow/models/dagbag.py", line 383, in parse
    loader.exec_module(new_module)
  File "<frozen importlib._bootstrap_external>", line 936, in exec_module
  File "<frozen importlib._bootstrap_external>", line 1074, in get_code
  File "<frozen importlib._bootstrap_external>", line 1004, in source_to_code
  File "<frozen importlib._bootstrap>", line 241, in _call_with_frames_removed
  File "/opt/airflow/dags/team_TEMPLATE.py", line 52
    ...
    ^^^
SyntaxError: invalid syntax
[2026-06-05T12:59:41.959+0000] {processor.py:927} WARNING - No viable dags retrieved from /opt/airflow/dags/team_TEMPLATE.py
[2026-06-05T12:59:41.980+0000] {processor.py:208} INFO - Processing /opt/airflow/dags/team_TEMPLATE.py took 0.040 seconds
[2026-06-05T13:00:12.105+0000] {processor.py:186} INFO - Started process (PID=463) to work on /opt/airflow/dags/team_TEMPLATE.py
[2026-06-05T13:00:12.113+0000] {processor.py:914} INFO - Processing file /opt/airflow/dags/team_TEMPLATE.py for tasks to queue
[2026-06-05T13:00:12.115+0000] {logging_mixin.py:190} INFO - [2026-06-05T13:00:12.115+0000] {dagbag.py:588} INFO - Filling up the DagBag from /opt/airflow/dags/team_TEMPLATE.py
[2026-06-05T13:00:12.118+0000] {logging_mixin.py:190} INFO - [2026-06-05T13:00:12.117+0000] {dagbag.py:387} ERROR - Failed to import: /opt/airflow/dags/team_TEMPLATE.py
Traceback (most recent call last):
  File "/home/airflow/.local/lib/python3.11/site-packages/airflow/models/dagbag.py", line 383, in parse
    loader.exec_module(new_module)
  File "<frozen importlib._bootstrap_external>", line 936, in exec_module
  File "<frozen importlib._bootstrap_external>", line 1074, in get_code
  File "<frozen importlib._bootstrap_external>", line 1004, in source_to_code
  File "<frozen importlib._bootstrap>", line 241, in _call_with_frames_removed
  File "/opt/airflow/dags/team_TEMPLATE.py", line 52
    ...
    ^^^
SyntaxError: invalid syntax
[2026-06-05T13:00:12.118+0000] {processor.py:927} WARNING - No viable dags retrieved from /opt/airflow/dags/team_TEMPLATE.py
[2026-06-05T13:00:12.137+0000] {processor.py:208} INFO - Processing /opt/airflow/dags/team_TEMPLATE.py took 0.037 seconds
[2026-06-05T13:00:42.286+0000] {processor.py:186} INFO - Started process (PID=478) to work on /opt/airflow/dags/team_TEMPLATE.py
[2026-06-05T13:00:42.295+0000] {processor.py:914} INFO - Processing file /opt/airflow/dags/team_TEMPLATE.py for tasks to queue
[2026-06-05T13:00:42.301+0000] {logging_mixin.py:190} INFO - [2026-06-05T13:00:42.300+0000] {dagbag.py:588} INFO - Filling up the DagBag from /opt/airflow/dags/team_TEMPLATE.py
[2026-06-05T13:00:42.312+0000] {logging_mixin.py:190} INFO - [2026-06-05T13:00:42.308+0000] {dagbag.py:387} ERROR - Failed to import: /opt/airflow/dags/team_TEMPLATE.py
Traceback (most recent call last):
  File "/home/airflow/.local/lib/python3.11/site-packages/airflow/models/dagbag.py", line 383, in parse
    loader.exec_module(new_module)
  File "<frozen importlib._bootstrap_external>", line 936, in exec_module
  File "<frozen importlib._bootstrap_external>", line 1074, in get_code
  File "<frozen importlib._bootstrap_external>", line 1004, in source_to_code
  File "<frozen importlib._bootstrap>", line 241, in _call_with_frames_removed
  File "/opt/airflow/dags/team_TEMPLATE.py", line 52
    ...
    ^^^
SyntaxError: invalid syntax
[2026-06-05T13:00:42.313+0000] {processor.py:927} WARNING - No viable dags retrieved from /opt/airflow/dags/team_TEMPLATE.py
[2026-06-05T13:00:42.345+0000] {processor.py:208} INFO - Processing /opt/airflow/dags/team_TEMPLATE.py took 0.065 seconds
[2026-06-05T13:01:12.503+0000] {processor.py:186} INFO - Started process (PID=493) to work on /opt/airflow/dags/team_TEMPLATE.py
[2026-06-05T13:01:12.512+0000] {processor.py:914} INFO - Processing file /opt/airflow/dags/team_TEMPLATE.py for tasks to queue
[2026-06-05T13:01:12.518+0000] {logging_mixin.py:190} INFO - [2026-06-05T13:01:12.517+0000] {dagbag.py:588} INFO - Filling up the DagBag from /opt/airflow/dags/team_TEMPLATE.py
[2026-06-05T13:01:12.528+0000] {logging_mixin.py:190} INFO - [2026-06-05T13:01:12.525+0000] {dagbag.py:387} ERROR - Failed to import: /opt/airflow/dags/team_TEMPLATE.py
Traceback (most recent call last):
  File "/home/airflow/.local/lib/python3.11/site-packages/airflow/models/dagbag.py", line 383, in parse
    loader.exec_module(new_module)
  File "<frozen importlib._bootstrap_external>", line 936, in exec_module
  File "<frozen importlib._bootstrap_external>", line 1074, in get_code
  File "<frozen importlib._bootstrap_external>", line 1004, in source_to_code
  File "<frozen importlib._bootstrap>", line 241, in _call_with_frames_removed
  File "/opt/airflow/dags/team_TEMPLATE.py", line 52
    ...
    ^^^
SyntaxError: invalid syntax
[2026-06-05T13:01:12.529+0000] {processor.py:927} WARNING - No viable dags retrieved from /opt/airflow/dags/team_TEMPLATE.py
[2026-06-05T13:01:12.560+0000] {processor.py:208} INFO - Processing /opt/airflow/dags/team_TEMPLATE.py took 0.062 seconds
[2026-06-05T13:01:42.688+0000] {processor.py:186} INFO - Started process (PID=508) to work on /opt/airflow/dags/team_TEMPLATE.py
[2026-06-05T13:01:42.689+0000] {processor.py:914} INFO - Processing file /opt/airflow/dags/team_TEMPLATE.py for tasks to queue
[2026-06-05T13:01:42.690+0000] {logging_mixin.py:190} INFO - [2026-06-05T13:01:42.690+0000] {dagbag.py:588} INFO - Filling up the DagBag from /opt/airflow/dags/team_TEMPLATE.py
[2026-06-05T13:01:42.693+0000] {logging_mixin.py:190} INFO - [2026-06-05T13:01:42.692+0000] {dagbag.py:387} ERROR - Failed to import: /opt/airflow/dags/team_TEMPLATE.py
Traceback (most recent call last):
  File "/home/airflow/.local/lib/python3.11/site-packages/airflow/models/dagbag.py", line 383, in parse
    loader.exec_module(new_module)
  File "<frozen importlib._bootstrap_external>", line 936, in exec_module
  File "<frozen importlib._bootstrap_external>", line 1074, in get_code
  File "<frozen importlib._bootstrap_external>", line 1004, in source_to_code
  File "<frozen importlib._bootstrap>", line 241, in _call_with_frames_removed
  File "/opt/airflow/dags/team_TEMPLATE.py", line 52
    ...
    ^^^
SyntaxError: invalid syntax
[2026-06-05T13:01:42.694+0000] {processor.py:927} WARNING - No viable dags retrieved from /opt/airflow/dags/team_TEMPLATE.py
[2026-06-05T13:01:42.713+0000] {processor.py:208} INFO - Processing /opt/airflow/dags/team_TEMPLATE.py took 0.030 seconds
[2026-06-05T13:02:12.855+0000] {processor.py:186} INFO - Started process (PID=523) to work on /opt/airflow/dags/team_TEMPLATE.py
[2026-06-05T13:02:12.859+0000] {processor.py:914} INFO - Processing file /opt/airflow/dags/team_TEMPLATE.py for tasks to queue
[2026-06-05T13:02:12.865+0000] {logging_mixin.py:190} INFO - [2026-06-05T13:02:12.864+0000] {dagbag.py:588} INFO - Filling up the DagBag from /opt/airflow/dags/team_TEMPLATE.py
[2026-06-05T13:02:12.875+0000] {logging_mixin.py:190} INFO - [2026-06-05T13:02:12.872+0000] {dagbag.py:387} ERROR - Failed to import: /opt/airflow/dags/team_TEMPLATE.py
Traceback (most recent call last):
  File "/home/airflow/.local/lib/python3.11/site-packages/airflow/models/dagbag.py", line 383, in parse
    loader.exec_module(new_module)
  File "<frozen importlib._bootstrap_external>", line 936, in exec_module
  File "<frozen importlib._bootstrap_external>", line 1074, in get_code
  File "<frozen importlib._bootstrap_external>", line 1004, in source_to_code
  File "<frozen importlib._bootstrap>", line 241, in _call_with_frames_removed
  File "/opt/airflow/dags/team_TEMPLATE.py", line 52
    ...
    ^^^
SyntaxError: invalid syntax
[2026-06-05T13:02:12.877+0000] {processor.py:927} WARNING - No viable dags retrieved from /opt/airflow/dags/team_TEMPLATE.py
[2026-06-05T13:02:12.908+0000] {processor.py:208} INFO - Processing /opt/airflow/dags/team_TEMPLATE.py took 0.058 seconds
[2026-06-05T13:02:43.043+0000] {processor.py:186} INFO - Started process (PID=538) to work on /opt/airflow/dags/team_TEMPLATE.py
[2026-06-05T13:02:43.051+0000] {processor.py:914} INFO - Processing file /opt/airflow/dags/team_TEMPLATE.py for tasks to queue
[2026-06-05T13:02:43.054+0000] {logging_mixin.py:190} INFO - [2026-06-05T13:02:43.053+0000] {dagbag.py:588} INFO - Filling up the DagBag from /opt/airflow/dags/team_TEMPLATE.py
[2026-06-05T13:02:43.057+0000] {logging_mixin.py:190} INFO - [2026-06-05T13:02:43.056+0000] {dagbag.py:387} ERROR - Failed to import: /opt/airflow/dags/team_TEMPLATE.py
Traceback (most recent call last):
  File "/home/airflow/.local/lib/python3.11/site-packages/airflow/models/dagbag.py", line 383, in parse
    loader.exec_module(new_module)
  File "<frozen importlib._bootstrap_external>", line 936, in exec_module
  File "<frozen importlib._bootstrap_external>", line 1074, in get_code
  File "<frozen importlib._bootstrap_external>", line 1004, in source_to_code
  File "<frozen importlib._bootstrap>", line 241, in _call_with_frames_removed
  File "/opt/airflow/dags/team_TEMPLATE.py", line 52
    ...
    ^^^
SyntaxError: invalid syntax
[2026-06-05T13:02:43.058+0000] {processor.py:927} WARNING - No viable dags retrieved from /opt/airflow/dags/team_TEMPLATE.py
[2026-06-05T13:02:43.084+0000] {processor.py:208} INFO - Processing /opt/airflow/dags/team_TEMPLATE.py took 0.048 seconds
[2026-06-05T13:03:13.211+0000] {processor.py:186} INFO - Started process (PID=553) to work on /opt/airflow/dags/team_TEMPLATE.py
[2026-06-05T13:03:13.219+0000] {processor.py:914} INFO - Processing file /opt/airflow/dags/team_TEMPLATE.py for tasks to queue
[2026-06-05T13:03:13.221+0000] {logging_mixin.py:190} INFO - [2026-06-05T13:03:13.221+0000] {dagbag.py:588} INFO - Filling up the DagBag from /opt/airflow/dags/team_TEMPLATE.py
[2026-06-05T13:03:13.224+0000] {logging_mixin.py:190} INFO - [2026-06-05T13:03:13.223+0000] {dagbag.py:387} ERROR - Failed to import: /opt/airflow/dags/team_TEMPLATE.py
Traceback (most recent call last):
  File "/home/airflow/.local/lib/python3.11/site-packages/airflow/models/dagbag.py", line 383, in parse
    loader.exec_module(new_module)
  File "<frozen importlib._bootstrap_external>", line 936, in exec_module
  File "<frozen importlib._bootstrap_external>", line 1074, in get_code
  File "<frozen importlib._bootstrap_external>", line 1004, in source_to_code
  File "<frozen importlib._bootstrap>", line 241, in _call_with_frames_removed
  File "/opt/airflow/dags/team_TEMPLATE.py", line 52
    ...
    ^^^
SyntaxError: invalid syntax
[2026-06-05T13:03:13.224+0000] {processor.py:927} WARNING - No viable dags retrieved from /opt/airflow/dags/team_TEMPLATE.py
[2026-06-05T13:03:13.242+0000] {processor.py:208} INFO - Processing /opt/airflow/dags/team_TEMPLATE.py took 0.036 seconds
[2026-06-05T13:03:43.384+0000] {processor.py:186} INFO - Started process (PID=568) to work on /opt/airflow/dags/team_TEMPLATE.py
[2026-06-05T13:03:43.384+0000] {processor.py:914} INFO - Processing file /opt/airflow/dags/team_TEMPLATE.py for tasks to queue
[2026-06-05T13:03:43.386+0000] {logging_mixin.py:190} INFO - [2026-06-05T13:03:43.386+0000] {dagbag.py:588} INFO - Filling up the DagBag from /opt/airflow/dags/team_TEMPLATE.py
[2026-06-05T13:03:43.389+0000] {logging_mixin.py:190} INFO - [2026-06-05T13:03:43.388+0000] {dagbag.py:387} ERROR - Failed to import: /opt/airflow/dags/team_TEMPLATE.py
Traceback (most recent call last):
  File "/home/airflow/.local/lib/python3.11/site-packages/airflow/models/dagbag.py", line 383, in parse
    loader.exec_module(new_module)
  File "<frozen importlib._bootstrap_external>", line 936, in exec_module
  File "<frozen importlib._bootstrap_external>", line 1074, in get_code
  File "<frozen importlib._bootstrap_external>", line 1004, in source_to_code
  File "<frozen importlib._bootstrap>", line 241, in _call_with_frames_removed
  File "/opt/airflow/dags/team_TEMPLATE.py", line 52
    ...
    ^^^
SyntaxError: invalid syntax
[2026-06-05T13:03:43.389+0000] {processor.py:927} WARNING - No viable dags retrieved from /opt/airflow/dags/team_TEMPLATE.py
[2026-06-05T13:03:43.409+0000] {processor.py:208} INFO - Processing /opt/airflow/dags/team_TEMPLATE.py took 0.030 seconds
[2026-06-05T13:04:13.530+0000] {processor.py:186} INFO - Started process (PID=583) to work on /opt/airflow/dags/team_TEMPLATE.py
[2026-06-05T13:04:13.531+0000] {processor.py:914} INFO - Processing file /opt/airflow/dags/team_TEMPLATE.py for tasks to queue
[2026-06-05T13:04:13.533+0000] {logging_mixin.py:190} INFO - [2026-06-05T13:04:13.533+0000] {dagbag.py:588} INFO - Filling up the DagBag from /opt/airflow/dags/team_TEMPLATE.py
[2026-06-05T13:04:13.536+0000] {logging_mixin.py:190} INFO - [2026-06-05T13:04:13.535+0000] {dagbag.py:387} ERROR - Failed to import: /opt/airflow/dags/team_TEMPLATE.py
Traceback (most recent call last):
  File "/home/airflow/.local/lib/python3.11/site-packages/airflow/models/dagbag.py", line 383, in parse
    loader.exec_module(new_module)
  File "<frozen importlib._bootstrap_external>", line 936, in exec_module
  File "<frozen importlib._bootstrap_external>", line 1074, in get_code
  File "<frozen importlib._bootstrap_external>", line 1004, in source_to_code
  File "<frozen importlib._bootstrap>", line 241, in _call_with_frames_removed
  File "/opt/airflow/dags/team_TEMPLATE.py", line 52
    ...
    ^^^
SyntaxError: invalid syntax
[2026-06-05T13:04:13.536+0000] {processor.py:927} WARNING - No viable dags retrieved from /opt/airflow/dags/team_TEMPLATE.py
[2026-06-05T13:04:13.555+0000] {processor.py:208} INFO - Processing /opt/airflow/dags/team_TEMPLATE.py took 0.030 seconds
[2026-06-05T13:04:43.683+0000] {processor.py:186} INFO - Started process (PID=598) to work on /opt/airflow/dags/team_TEMPLATE.py
[2026-06-05T13:04:43.684+0000] {processor.py:914} INFO - Processing file /opt/airflow/dags/team_TEMPLATE.py for tasks to queue
[2026-06-05T13:04:43.686+0000] {logging_mixin.py:190} INFO - [2026-06-05T13:04:43.686+0000] {dagbag.py:588} INFO - Filling up the DagBag from /opt/airflow/dags/team_TEMPLATE.py
[2026-06-05T13:04:43.689+0000] {logging_mixin.py:190} INFO - [2026-06-05T13:04:43.688+0000] {dagbag.py:387} ERROR - Failed to import: /opt/airflow/dags/team_TEMPLATE.py
Traceback (most recent call last):
  File "/home/airflow/.local/lib/python3.11/site-packages/airflow/models/dagbag.py", line 383, in parse
    loader.exec_module(new_module)
  File "<frozen importlib._bootstrap_external>", line 936, in exec_module
  File "<frozen importlib._bootstrap_external>", line 1074, in get_code
  File "<frozen importlib._bootstrap_external>", line 1004, in source_to_code
  File "<frozen importlib._bootstrap>", line 241, in _call_with_frames_removed
  File "/opt/airflow/dags/team_TEMPLATE.py", line 52
    ...
    ^^^
SyntaxError: invalid syntax
[2026-06-05T13:04:43.690+0000] {processor.py:927} WARNING - No viable dags retrieved from /opt/airflow/dags/team_TEMPLATE.py
[2026-06-05T13:04:43.710+0000] {processor.py:208} INFO - Processing /opt/airflow/dags/team_TEMPLATE.py took 0.033 seconds
[2026-06-05T13:05:13.870+0000] {processor.py:186} INFO - Started process (PID=613) to work on /opt/airflow/dags/team_TEMPLATE.py
[2026-06-05T13:05:13.870+0000] {processor.py:914} INFO - Processing file /opt/airflow/dags/team_TEMPLATE.py for tasks to queue
[2026-06-05T13:05:13.872+0000] {logging_mixin.py:190} INFO - [2026-06-05T13:05:13.872+0000] {dagbag.py:588} INFO - Filling up the DagBag from /opt/airflow/dags/team_TEMPLATE.py
[2026-06-05T13:05:13.874+0000] {logging_mixin.py:190} INFO - [2026-06-05T13:05:13.874+0000] {dagbag.py:387} ERROR - Failed to import: /opt/airflow/dags/team_TEMPLATE.py
Traceback (most recent call last):
  File "/home/airflow/.local/lib/python3.11/site-packages/airflow/models/dagbag.py", line 383, in parse
    loader.exec_module(new_module)
  File "<frozen importlib._bootstrap_external>", line 936, in exec_module
  File "<frozen importlib._bootstrap_external>", line 1074, in get_code
  File "<frozen importlib._bootstrap_external>", line 1004, in source_to_code
  File "<frozen importlib._bootstrap>", line 241, in _call_with_frames_removed
  File "/opt/airflow/dags/team_TEMPLATE.py", line 52
    ...
    ^^^
SyntaxError: invalid syntax
[2026-06-05T13:05:13.875+0000] {processor.py:927} WARNING - No viable dags retrieved from /opt/airflow/dags/team_TEMPLATE.py
[2026-06-05T13:05:13.894+0000] {processor.py:208} INFO - Processing /opt/airflow/dags/team_TEMPLATE.py took 0.029 seconds
[2026-06-05T13:05:44.032+0000] {processor.py:186} INFO - Started process (PID=628) to work on /opt/airflow/dags/team_TEMPLATE.py
[2026-06-05T13:05:44.040+0000] {processor.py:914} INFO - Processing file /opt/airflow/dags/team_TEMPLATE.py for tasks to queue
[2026-06-05T13:05:44.042+0000] {logging_mixin.py:190} INFO - [2026-06-05T13:05:44.042+0000] {dagbag.py:588} INFO - Filling up the DagBag from /opt/airflow/dags/team_TEMPLATE.py
[2026-06-05T13:05:44.045+0000] {logging_mixin.py:190} INFO - [2026-06-05T13:05:44.044+0000] {dagbag.py:387} ERROR - Failed to import: /opt/airflow/dags/team_TEMPLATE.py
Traceback (most recent call last):
  File "/home/airflow/.local/lib/python3.11/site-packages/airflow/models/dagbag.py", line 383, in parse
    loader.exec_module(new_module)
  File "<frozen importlib._bootstrap_external>", line 936, in exec_module
  File "<frozen importlib._bootstrap_external>", line 1074, in get_code
  File "<frozen importlib._bootstrap_external>", line 1004, in source_to_code
  File "<frozen importlib._bootstrap>", line 241, in _call_with_frames_removed
  File "/opt/airflow/dags/team_TEMPLATE.py", line 52
    ...
    ^^^
SyntaxError: invalid syntax
[2026-06-05T13:05:44.045+0000] {processor.py:927} WARNING - No viable dags retrieved from /opt/airflow/dags/team_TEMPLATE.py
[2026-06-05T13:05:44.064+0000] {processor.py:208} INFO - Processing /opt/airflow/dags/team_TEMPLATE.py took 0.038 seconds
[2026-06-05T13:06:14.197+0000] {processor.py:186} INFO - Started process (PID=643) to work on /opt/airflow/dags/team_TEMPLATE.py
[2026-06-05T13:06:14.206+0000] {processor.py:914} INFO - Processing file /opt/airflow/dags/team_TEMPLATE.py for tasks to queue
[2026-06-05T13:06:14.207+0000] {logging_mixin.py:190} INFO - [2026-06-05T13:06:14.207+0000] {dagbag.py:588} INFO - Filling up the DagBag from /opt/airflow/dags/team_TEMPLATE.py
[2026-06-05T13:06:14.210+0000] {logging_mixin.py:190} INFO - [2026-06-05T13:06:14.209+0000] {dagbag.py:387} ERROR - Failed to import: /opt/airflow/dags/team_TEMPLATE.py
Traceback (most recent call last):
  File "/home/airflow/.local/lib/python3.11/site-packages/airflow/models/dagbag.py", line 383, in parse
    loader.exec_module(new_module)
  File "<frozen importlib._bootstrap_external>", line 936, in exec_module
  File "<frozen importlib._bootstrap_external>", line 1074, in get_code
  File "<frozen importlib._bootstrap_external>", line 1004, in source_to_code
  File "<frozen importlib._bootstrap>", line 241, in _call_with_frames_removed
  File "/opt/airflow/dags/team_TEMPLATE.py", line 52
    ...
    ^^^
SyntaxError: invalid syntax
[2026-06-05T13:06:14.211+0000] {processor.py:927} WARNING - No viable dags retrieved from /opt/airflow/dags/team_TEMPLATE.py
[2026-06-05T13:06:14.229+0000] {processor.py:208} INFO - Processing /opt/airflow/dags/team_TEMPLATE.py took 0.037 seconds
[2026-06-05T13:06:44.360+0000] {processor.py:186} INFO - Started process (PID=658) to work on /opt/airflow/dags/team_TEMPLATE.py
[2026-06-05T13:06:44.369+0000] {processor.py:914} INFO - Processing file /opt/airflow/dags/team_TEMPLATE.py for tasks to queue
[2026-06-05T13:06:44.371+0000] {logging_mixin.py:190} INFO - [2026-06-05T13:06:44.370+0000] {dagbag.py:588} INFO - Filling up the DagBag from /opt/airflow/dags/team_TEMPLATE.py
[2026-06-05T13:06:44.373+0000] {logging_mixin.py:190} INFO - [2026-06-05T13:06:44.372+0000] {dagbag.py:387} ERROR - Failed to import: /opt/airflow/dags/team_TEMPLATE.py
Traceback (most recent call last):
  File "/home/airflow/.local/lib/python3.11/site-packages/airflow/models/dagbag.py", line 383, in parse
    loader.exec_module(new_module)
  File "<frozen importlib._bootstrap_external>", line 936, in exec_module
  File "<frozen importlib._bootstrap_external>", line 1074, in get_code
  File "<frozen importlib._bootstrap_external>", line 1004, in source_to_code
  File "<frozen importlib._bootstrap>", line 241, in _call_with_frames_removed
  File "/opt/airflow/dags/team_TEMPLATE.py", line 52
    ...
    ^^^
SyntaxError: invalid syntax
[2026-06-05T13:06:44.374+0000] {processor.py:927} WARNING - No viable dags retrieved from /opt/airflow/dags/team_TEMPLATE.py
[2026-06-05T13:06:44.392+0000] {processor.py:208} INFO - Processing /opt/airflow/dags/team_TEMPLATE.py took 0.036 seconds
