[2026-06-05T12:46:56.480+0000] {local_task_job_runner.py:123} INFO - ::group::Pre task execution logs
[2026-06-05T12:46:56.499+0000] {taskinstance.py:2613} INFO - Dependencies all met for dep_context=non-requeueable deps ti=<TaskInstance: lab4_starter.publish manual__2026-06-01T00:00:00+00:00 [queued]>
[2026-06-05T12:46:56.506+0000] {taskinstance.py:2613} INFO - Dependencies all met for dep_context=requeueable deps ti=<TaskInstance: lab4_starter.publish manual__2026-06-01T00:00:00+00:00 [queued]>
[2026-06-05T12:46:56.507+0000] {taskinstance.py:2866} INFO - Starting attempt 1 of 2
[2026-06-05T12:46:56.517+0000] {taskinstance.py:2889} INFO - Executing <Task(_PythonDecoratedOperator): publish> on 2026-06-01 00:00:00+00:00
[2026-06-05T12:46:56.522+0000] {standard_task_runner.py:72} INFO - Started process 864 to run task
[2026-06-05T12:46:56.524+0000] {standard_task_runner.py:104} INFO - Running: ['***', 'tasks', 'run', 'lab4_starter', 'publish', 'manual__2026-06-01T00:00:00+00:00', '--job-id', '10', '--raw', '--subdir', 'DAGS_FOLDER/starter_pipeline.py', '--cfg-path', '/tmp/tmp8k_ypb_5']
[2026-06-05T12:46:56.526+0000] {standard_task_runner.py:105} INFO - Job 10: Subtask publish
[2026-06-05T12:46:56.576+0000] {task_command.py:467} INFO - Running <TaskInstance: lab4_starter.publish manual__2026-06-01T00:00:00+00:00 [running]> on host bb04fef1c565
[2026-06-05T12:46:56.653+0000] {taskinstance.py:3132} INFO - Exporting env vars: AIRFLOW_CTX_DAG_OWNER='lab4' AIRFLOW_CTX_DAG_ID='lab4_starter' AIRFLOW_CTX_TASK_ID='publish' AIRFLOW_CTX_EXECUTION_DATE='2026-06-01T00:00:00+00:00' AIRFLOW_CTX_TRY_NUMBER='1' AIRFLOW_CTX_DAG_RUN_ID='manual__2026-06-01T00:00:00+00:00'
[2026-06-05T12:46:56.654+0000] {taskinstance.py:731} INFO - ::endgroup::
[2026-06-05T12:46:56.656+0000] {python.py:240} INFO - Done. Returned value was: {'report_path': '/opt/***/data/reports/dashboard_2026-06-01.json', 'status': 'ready'}
[2026-06-05T12:46:56.686+0000] {taskinstance.py:340} INFO - ::group::Post task execution logs
[2026-06-05T12:46:56.687+0000] {taskinstance.py:352} INFO - Marking task as SUCCESS. dag_id=lab4_starter, task_id=publish, run_id=manual__2026-06-01T00:00:00+00:00, execution_date=20260601T000000, start_date=20260605T124656, end_date=20260605T124656
[2026-06-05T12:46:56.737+0000] {local_task_job_runner.py:266} INFO - Task exited with return code 0
[2026-06-05T12:46:56.755+0000] {taskinstance.py:3895} INFO - 0 downstream tasks scheduled from follow-on schedule check
[2026-06-05T12:46:56.756+0000] {local_task_job_runner.py:245} INFO - ::endgroup::
[2026-06-05T12:55:53.942+0000] {local_task_job_runner.py:123} INFO - ::group::Pre task execution logs
[2026-06-05T12:55:53.962+0000] {taskinstance.py:2613} INFO - Dependencies all met for dep_context=non-requeueable deps ti=<TaskInstance: lab4_starter.publish manual__2026-06-01T00:00:00+00:00 [queued]>
[2026-06-05T12:55:53.970+0000] {taskinstance.py:2613} INFO - Dependencies all met for dep_context=requeueable deps ti=<TaskInstance: lab4_starter.publish manual__2026-06-01T00:00:00+00:00 [queued]>
[2026-06-05T12:55:53.970+0000] {taskinstance.py:2866} INFO - Starting attempt 1 of 2
[2026-06-05T12:55:53.983+0000] {taskinstance.py:2889} INFO - Executing <Task(_PythonDecoratedOperator): publish> on 2026-06-01 00:00:00+00:00
[2026-06-05T12:55:53.988+0000] {standard_task_runner.py:72} INFO - Started process 569 to run task
[2026-06-05T12:55:53.991+0000] {standard_task_runner.py:104} INFO - Running: ['***', 'tasks', 'run', 'lab4_starter', 'publish', 'manual__2026-06-01T00:00:00+00:00', '--job-id', '20', '--raw', '--subdir', 'DAGS_FOLDER/starter_pipeline.py', '--cfg-path', '/tmp/tmpnz9wx756']
[2026-06-05T12:55:53.992+0000] {standard_task_runner.py:105} INFO - Job 20: Subtask publish
[2026-06-05T12:55:54.048+0000] {task_command.py:467} INFO - Running <TaskInstance: lab4_starter.publish manual__2026-06-01T00:00:00+00:00 [running]> on host 35aa88b37d6a
[2026-06-05T12:55:54.139+0000] {taskinstance.py:3132} INFO - Exporting env vars: AIRFLOW_CTX_DAG_OWNER='lab4' AIRFLOW_CTX_DAG_ID='lab4_starter' AIRFLOW_CTX_TASK_ID='publish' AIRFLOW_CTX_EXECUTION_DATE='2026-06-01T00:00:00+00:00' AIRFLOW_CTX_TRY_NUMBER='1' AIRFLOW_CTX_DAG_RUN_ID='manual__2026-06-01T00:00:00+00:00'
[2026-06-05T12:55:54.139+0000] {taskinstance.py:731} INFO - ::endgroup::
[2026-06-05T12:55:54.142+0000] {python.py:240} INFO - Done. Returned value was: {'report_path': '/opt/***/data/reports/dashboard_2026-06-01.json', 'status': 'ready'}
[2026-06-05T12:55:54.177+0000] {taskinstance.py:340} INFO - ::group::Post task execution logs
[2026-06-05T12:55:54.177+0000] {taskinstance.py:352} INFO - Marking task as SUCCESS. dag_id=lab4_starter, task_id=publish, run_id=manual__2026-06-01T00:00:00+00:00, execution_date=20260601T000000, start_date=20260605T125553, end_date=20260605T125554
[2026-06-05T12:55:54.203+0000] {local_task_job_runner.py:266} INFO - Task exited with return code 0
[2026-06-05T12:55:54.223+0000] {taskinstance.py:3895} INFO - 0 downstream tasks scheduled from follow-on schedule check
[2026-06-05T12:55:54.224+0000] {local_task_job_runner.py:245} INFO - ::endgroup::
