[2026-06-05T12:46:53.864+0000] {local_task_job_runner.py:123} INFO - ::group::Pre task execution logs
[2026-06-05T12:46:53.889+0000] {taskinstance.py:2613} INFO - Dependencies all met for dep_context=non-requeueable deps ti=<TaskInstance: lab4_starter.publish scheduled__2026-06-04T00:00:00+00:00 [queued]>
[2026-06-05T12:46:53.898+0000] {taskinstance.py:2613} INFO - Dependencies all met for dep_context=requeueable deps ti=<TaskInstance: lab4_starter.publish scheduled__2026-06-04T00:00:00+00:00 [queued]>
[2026-06-05T12:46:53.898+0000] {taskinstance.py:2866} INFO - Starting attempt 1 of 2
[2026-06-05T12:46:53.911+0000] {taskinstance.py:2889} INFO - Executing <Task(_PythonDecoratedOperator): publish> on 2026-06-04 00:00:00+00:00
[2026-06-05T12:46:53.917+0000] {standard_task_runner.py:72} INFO - Started process 795 to run task
[2026-06-05T12:46:53.920+0000] {standard_task_runner.py:104} INFO - Running: ['***', 'tasks', 'run', 'lab4_starter', 'publish', 'scheduled__2026-06-04T00:00:00+00:00', '--job-id', '9', '--raw', '--subdir', 'DAGS_FOLDER/starter_pipeline.py', '--cfg-path', '/tmp/tmp_u9hf0x9']
[2026-06-05T12:46:53.921+0000] {standard_task_runner.py:105} INFO - Job 9: Subtask publish
[2026-06-05T12:46:53.979+0000] {task_command.py:467} INFO - Running <TaskInstance: lab4_starter.publish scheduled__2026-06-04T00:00:00+00:00 [running]> on host bb04fef1c565
[2026-06-05T12:46:54.071+0000] {taskinstance.py:3132} INFO - Exporting env vars: AIRFLOW_CTX_DAG_OWNER='lab4' AIRFLOW_CTX_DAG_ID='lab4_starter' AIRFLOW_CTX_TASK_ID='publish' AIRFLOW_CTX_EXECUTION_DATE='2026-06-04T00:00:00+00:00' AIRFLOW_CTX_TRY_NUMBER='1' AIRFLOW_CTX_DAG_RUN_ID='scheduled__2026-06-04T00:00:00+00:00'
[2026-06-05T12:46:54.072+0000] {taskinstance.py:731} INFO - ::endgroup::
[2026-06-05T12:46:54.074+0000] {python.py:240} INFO - Done. Returned value was: {'report_path': '/opt/***/data/reports/dashboard_2026-06-04.json', 'status': 'ready'}
[2026-06-05T12:46:54.112+0000] {taskinstance.py:340} INFO - ::group::Post task execution logs
[2026-06-05T12:46:54.112+0000] {taskinstance.py:352} INFO - Marking task as SUCCESS. dag_id=lab4_starter, task_id=publish, run_id=scheduled__2026-06-04T00:00:00+00:00, execution_date=20260604T000000, start_date=20260605T124653, end_date=20260605T124654
[2026-06-05T12:46:54.132+0000] {local_task_job_runner.py:266} INFO - Task exited with return code 0
[2026-06-05T12:46:54.151+0000] {taskinstance.py:3895} INFO - 0 downstream tasks scheduled from follow-on schedule check
[2026-06-05T12:46:54.153+0000] {local_task_job_runner.py:245} INFO - ::endgroup::
[2026-06-05T12:55:50.064+0000] {local_task_job_runner.py:123} INFO - ::group::Pre task execution logs
[2026-06-05T12:55:50.096+0000] {taskinstance.py:2613} INFO - Dependencies all met for dep_context=non-requeueable deps ti=<TaskInstance: lab4_starter.publish scheduled__2026-06-04T00:00:00+00:00 [queued]>
[2026-06-05T12:55:50.109+0000] {taskinstance.py:2613} INFO - Dependencies all met for dep_context=requeueable deps ti=<TaskInstance: lab4_starter.publish scheduled__2026-06-04T00:00:00+00:00 [queued]>
[2026-06-05T12:55:50.110+0000] {taskinstance.py:2866} INFO - Starting attempt 1 of 2
[2026-06-05T12:55:50.128+0000] {taskinstance.py:2889} INFO - Executing <Task(_PythonDecoratedOperator): publish> on 2026-06-04 00:00:00+00:00
[2026-06-05T12:55:50.135+0000] {standard_task_runner.py:72} INFO - Started process 499 to run task
[2026-06-05T12:55:50.141+0000] {standard_task_runner.py:104} INFO - Running: ['***', 'tasks', 'run', 'lab4_starter', 'publish', 'scheduled__2026-06-04T00:00:00+00:00', '--job-id', '19', '--raw', '--subdir', 'DAGS_FOLDER/starter_pipeline.py', '--cfg-path', '/tmp/tmpni31amxp']
[2026-06-05T12:55:50.142+0000] {standard_task_runner.py:105} INFO - Job 19: Subtask publish
[2026-06-05T12:55:50.215+0000] {task_command.py:467} INFO - Running <TaskInstance: lab4_starter.publish scheduled__2026-06-04T00:00:00+00:00 [running]> on host 35aa88b37d6a
[2026-06-05T12:55:50.347+0000] {taskinstance.py:3132} INFO - Exporting env vars: AIRFLOW_CTX_DAG_OWNER='lab4' AIRFLOW_CTX_DAG_ID='lab4_starter' AIRFLOW_CTX_TASK_ID='publish' AIRFLOW_CTX_EXECUTION_DATE='2026-06-04T00:00:00+00:00' AIRFLOW_CTX_TRY_NUMBER='1' AIRFLOW_CTX_DAG_RUN_ID='scheduled__2026-06-04T00:00:00+00:00'
[2026-06-05T12:55:50.349+0000] {taskinstance.py:731} INFO - ::endgroup::
[2026-06-05T12:55:50.353+0000] {python.py:240} INFO - Done. Returned value was: {'report_path': '/opt/***/data/reports/dashboard_2026-06-04.json', 'status': 'ready'}
[2026-06-05T12:55:50.414+0000] {taskinstance.py:340} INFO - ::group::Post task execution logs
[2026-06-05T12:55:50.415+0000] {taskinstance.py:352} INFO - Marking task as SUCCESS. dag_id=lab4_starter, task_id=publish, run_id=scheduled__2026-06-04T00:00:00+00:00, execution_date=20260604T000000, start_date=20260605T125550, end_date=20260605T125550
[2026-06-05T12:55:50.476+0000] {local_task_job_runner.py:266} INFO - Task exited with return code 0
[2026-06-05T12:55:50.514+0000] {taskinstance.py:3895} INFO - 0 downstream tasks scheduled from follow-on schedule check
[2026-06-05T12:55:50.516+0000] {local_task_job_runner.py:245} INFO - ::endgroup::
