[2026-06-05T12:46:46.429+0000] {local_task_job_runner.py:123} INFO - ::group::Pre task execution logs
[2026-06-05T12:46:46.455+0000] {taskinstance.py:2613} INFO - Dependencies all met for dep_context=non-requeueable deps ti=<TaskInstance: lab4_starter.verify_spark manual__2026-06-01T00:00:00+00:00 [queued]>
[2026-06-05T12:46:46.467+0000] {taskinstance.py:2613} INFO - Dependencies all met for dep_context=requeueable deps ti=<TaskInstance: lab4_starter.verify_spark manual__2026-06-01T00:00:00+00:00 [queued]>
[2026-06-05T12:46:46.467+0000] {taskinstance.py:2866} INFO - Starting attempt 1 of 2
[2026-06-05T12:46:46.480+0000] {taskinstance.py:2889} INFO - Executing <Task(_PythonDecoratedOperator): verify_spark> on 2026-06-01 00:00:00+00:00
[2026-06-05T12:46:46.485+0000] {standard_task_runner.py:72} INFO - Started process 613 to run task
[2026-06-05T12:46:46.488+0000] {standard_task_runner.py:104} INFO - Running: ['***', 'tasks', 'run', 'lab4_starter', 'verify_spark', 'manual__2026-06-01T00:00:00+00:00', '--job-id', '8', '--raw', '--subdir', 'DAGS_FOLDER/starter_pipeline.py', '--cfg-path', '/tmp/tmpd1kj083d']
[2026-06-05T12:46:46.489+0000] {standard_task_runner.py:105} INFO - Job 8: Subtask verify_spark
[2026-06-05T12:46:46.546+0000] {task_command.py:467} INFO - Running <TaskInstance: lab4_starter.verify_spark manual__2026-06-01T00:00:00+00:00 [running]> on host bb04fef1c565
[2026-06-05T12:46:46.658+0000] {taskinstance.py:3132} INFO - Exporting env vars: AIRFLOW_CTX_DAG_OWNER='lab4' AIRFLOW_CTX_DAG_ID='lab4_starter' AIRFLOW_CTX_TASK_ID='verify_spark' AIRFLOW_CTX_EXECUTION_DATE='2026-06-01T00:00:00+00:00' AIRFLOW_CTX_TRY_NUMBER='1' AIRFLOW_CTX_DAG_RUN_ID='manual__2026-06-01T00:00:00+00:00'
[2026-06-05T12:46:46.659+0000] {taskinstance.py:731} INFO - ::endgroup::
[2026-06-05T12:46:55.772+0000] {python.py:240} INFO - Done. Returned value was: {'logical_date': '2026-06-01', 'status': 'smoke_ok', 'spark_version': '3.5.4', 'smoke_count': 1}
[2026-06-05T12:46:55.820+0000] {taskinstance.py:340} INFO - ::group::Post task execution logs
[2026-06-05T12:46:55.821+0000] {taskinstance.py:352} INFO - Marking task as SUCCESS. dag_id=lab4_starter, task_id=verify_spark, run_id=manual__2026-06-01T00:00:00+00:00, execution_date=20260601T000000, start_date=20260605T124646, end_date=20260605T124655
[2026-06-05T12:46:55.874+0000] {local_task_job_runner.py:266} INFO - Task exited with return code 0
[2026-06-05T12:46:55.896+0000] {taskinstance.py:3895} INFO - 1 downstream tasks scheduled from follow-on schedule check
[2026-06-05T12:46:55.897+0000] {local_task_job_runner.py:245} INFO - ::endgroup::
[2026-06-05T12:55:42.740+0000] {local_task_job_runner.py:123} INFO - ::group::Pre task execution logs
[2026-06-05T12:55:42.761+0000] {taskinstance.py:2613} INFO - Dependencies all met for dep_context=non-requeueable deps ti=<TaskInstance: lab4_starter.verify_spark manual__2026-06-01T00:00:00+00:00 [queued]>
[2026-06-05T12:55:42.770+0000] {taskinstance.py:2613} INFO - Dependencies all met for dep_context=requeueable deps ti=<TaskInstance: lab4_starter.verify_spark manual__2026-06-01T00:00:00+00:00 [queued]>
[2026-06-05T12:55:42.771+0000] {taskinstance.py:2866} INFO - Starting attempt 1 of 2
[2026-06-05T12:55:42.784+0000] {taskinstance.py:2889} INFO - Executing <Task(_PythonDecoratedOperator): verify_spark> on 2026-06-01 00:00:00+00:00
[2026-06-05T12:55:42.790+0000] {standard_task_runner.py:72} INFO - Started process 319 to run task
[2026-06-05T12:55:42.794+0000] {standard_task_runner.py:104} INFO - Running: ['***', 'tasks', 'run', 'lab4_starter', 'verify_spark', 'manual__2026-06-01T00:00:00+00:00', '--job-id', '18', '--raw', '--subdir', 'DAGS_FOLDER/starter_pipeline.py', '--cfg-path', '/tmp/tmp1vovpyj0']
[2026-06-05T12:55:42.795+0000] {standard_task_runner.py:105} INFO - Job 18: Subtask verify_spark
[2026-06-05T12:55:42.854+0000] {task_command.py:467} INFO - Running <TaskInstance: lab4_starter.verify_spark manual__2026-06-01T00:00:00+00:00 [running]> on host 35aa88b37d6a
[2026-06-05T12:55:42.956+0000] {taskinstance.py:3132} INFO - Exporting env vars: AIRFLOW_CTX_DAG_OWNER='lab4' AIRFLOW_CTX_DAG_ID='lab4_starter' AIRFLOW_CTX_TASK_ID='verify_spark' AIRFLOW_CTX_EXECUTION_DATE='2026-06-01T00:00:00+00:00' AIRFLOW_CTX_TRY_NUMBER='1' AIRFLOW_CTX_DAG_RUN_ID='manual__2026-06-01T00:00:00+00:00'
[2026-06-05T12:55:42.957+0000] {taskinstance.py:731} INFO - ::endgroup::
[2026-06-05T12:55:52.959+0000] {python.py:240} INFO - Done. Returned value was: {'logical_date': '2026-06-01', 'status': 'smoke_ok', 'spark_version': '3.5.4', 'smoke_count': 1}
[2026-06-05T12:55:53.000+0000] {taskinstance.py:340} INFO - ::group::Post task execution logs
[2026-06-05T12:55:53.001+0000] {taskinstance.py:352} INFO - Marking task as SUCCESS. dag_id=lab4_starter, task_id=verify_spark, run_id=manual__2026-06-01T00:00:00+00:00, execution_date=20260601T000000, start_date=20260605T125542, end_date=20260605T125553
[2026-06-05T12:55:53.048+0000] {local_task_job_runner.py:266} INFO - Task exited with return code 0
[2026-06-05T12:55:53.072+0000] {taskinstance.py:3895} INFO - 1 downstream tasks scheduled from follow-on schedule check
[2026-06-05T12:55:53.073+0000] {local_task_job_runner.py:245} INFO - ::endgroup::
